#
# There is insufficient memory for the Java Runtime Environment to continue.
# Native memory allocation (malloc) failed to allocate 1504176 bytes for Chunk::new
# Possible reasons:
#   The system is out of physical RAM or swap space
#   The process is running with CompressedOops enabled, and the Java Heap may be blocking the growth of the native heap
# Possible solutions:
#   Reduce memory load on the system
#   Increase physical memory or swap space
#   Check if swap backing store is full
#   Decrease Java heap size (-Xmx/-Xms)
#   Decrease number of Java threads
#   Decrease Java thread stack sizes (-Xss)
#   Set larger code cache with -XX:ReservedCodeCacheSize=
#   JVM is running with Unscaled Compressed Oops mode in which the Java heap is
#     placed in the first 4GB address space. The Java Heap base address is the
#     maximum limit for the native heap growth. Please use -XX:HeapBaseMinAddress
#     to set the Java Heap base and to place the Java Heap above 4GB virtual address.
# This output file may be truncated or incomplete.
#
#  Out of Memory Error (./src/hotspot/share/memory/arena.cpp:197), pid=7700, tid=22152
#
# JRE version: OpenJDK Runtime Environment (11.0.11+9) (build 11.0.11+9-b60-7590822)
# Java VM: OpenJDK 64-Bit Server VM (11.0.11+9-b60-7590822, mixed mode, tiered, compressed oops, g1 gc, windows-amd64)
# No core dump will be written. Minidumps are not enabled by default on client versions of Windows
#

---------------  S U M M A R Y ------------

Command Line: --add-opens=java.base/java.util=ALL-UNNAMED --add-opens=java.base/java.lang=ALL-UNNAMED --add-opens=java.base/java.lang.invoke=ALL-UNNAMED --add-opens=java.base/java.util=ALL-UNNAMED --add-opens=java.prefs/java.util.prefs=ALL-UNNAMED --add-opens=java.prefs/java.util.prefs=ALL-UNNAMED --add-opens=java.base/java.nio.charset=ALL-UNNAMED --add-opens=java.base/java.net=ALL-UNNAMED --add-opens=java.base/java.util.concurrent.atomic=ALL-UNNAMED -Xmx1536m -Dfile.encoding=windows-1256 -Duser.country=US -Duser.language=en -Duser.variant org.gradle.launcher.daemon.bootstrap.GradleDaemon 7.0.2

Host: Intel(R) Core(TM) i3-9100 CPU @ 3.60GHz, 4 cores, 7G,  Windows 10 , 64 bit Build 22000 (10.0.22000.675)
Time: Thu Aug 11 10:17:44 2022 Iran Daylight Time elapsed time: 1553.842953 seconds (0d 0h 25m 53s)

---------------  T H R E A D  ---------------

Current thread (0x000001c2c1224000):  JavaThread "C2 CompilerThread0" daemon [_thread_in_native, id=22152, stack(0x000000af06a00000,0x000000af06b00000)]


Current CompileTask:
C2:1553842 18732       4       org.gradle.tooling.internal.adapter.ProtocolToModelAdapter::convert (177 bytes)

Stack: [0x000000af06a00000,0x000000af06b00000]
Native frames: (J=compiled Java code, j=interpreted, Vv=VM code, C=native code)
V  [jvm.dll+0x5f214a]
V  [jvm.dll+0x726fb5]
V  [jvm.dll+0x7285cd]
V  [jvm.dll+0x728c83]
V  [jvm.dll+0x243278]
V  [jvm.dll+0xbc53c]
V  [jvm.dll+0xbca3c]
V  [jvm.dll+0x353e7d]
V  [jvm.dll+0x321893]
V  [jvm.dll+0x320d8a]
V  [jvm.dll+0x1fc1e2]
V  [jvm.dll+0x1fb3d4]
V  [jvm.dll+0x183d6c]
V  [jvm.dll+0x209a57]
V  [jvm.dll+0x2082a1]
V  [jvm.dll+0x6ef58f]
V  [jvm.dll+0x6e80b5]
V  [jvm.dll+0x5f1036]
C  [ucrtbase.dll+0x26c0c]
C  [KERNEL32.DLL+0x154e0]
C  [ntdll.dll+0x485b]


---------------  P R O C E S S  ---------------

Threads class SMR info:
_java_thread_list=0x000001c2c7f0a330, length=30, elements={
0x000001c2a8922000, 0x000001c2c11d9000, 0x000001c2c11fc000, 0x000001c2c1b92800,
0x000001c2c121f000, 0x000001c2c1220000, 0x000001c2c1224000, 0x000001c2c1225800,
0x000001c2c1229800, 0x000001c2c1ce1000, 0x000001c2c48e7800, 0x000001c2c3ca6000,
0x000001c2c4bc0000, 0x000001c2c450d000, 0x000001c2c450d800, 0x000001c2c4508000,
0x000001c2c450e800, 0x000001c2c4509000, 0x000001c2c4509800, 0x000001c2c4679800,
0x000001c2c467a800, 0x000001c2c467c000, 0x000001c2c467e000, 0x000001c2c4683800,
0x000001c2c528e000, 0x000001c2c528e800, 0x000001c2c5290000, 0x000001c2c467d000,
0x000001c2c4679000, 0x000001c2c4677800
}

Java Threads: ( => current thread )
  0x000001c2a8922000 JavaThread "main" [_thread_blocked, id=23544, stack(0x000000af05e00000,0x000000af05f00000)]
  0x000001c2c11d9000 JavaThread "Reference Handler" daemon [_thread_blocked, id=21268, stack(0x000000af06500000,0x000000af06600000)]
  0x000001c2c11fc000 JavaThread "Finalizer" daemon [_thread_blocked, id=17784, stack(0x000000af06600000,0x000000af06700000)]
  0x000001c2c1b92800 JavaThread "Signal Dispatcher" daemon [_thread_blocked, id=22552, stack(0x000000af06700000,0x000000af06800000)]
  0x000001c2c121f000 JavaThread "Attach Listener" daemon [_thread_blocked, id=23464, stack(0x000000af06800000,0x000000af06900000)]
  0x000001c2c1220000 JavaThread "Service Thread" daemon [_thread_blocked, id=12220, stack(0x000000af06900000,0x000000af06a00000)]
=>0x000001c2c1224000 JavaThread "C2 CompilerThread0" daemon [_thread_in_native, id=22152, stack(0x000000af06a00000,0x000000af06b00000)]
  0x000001c2c1225800 JavaThread "C1 CompilerThread0" daemon [_thread_blocked, id=15412, stack(0x000000af06b00000,0x000000af06c00000)]
  0x000001c2c1229800 JavaThread "Sweeper thread" daemon [_thread_blocked, id=22772, stack(0x000000af06c00000,0x000000af06d00000)]
  0x000001c2c1ce1000 JavaThread "Common-Cleaner" daemon [_thread_blocked, id=7752, stack(0x000000af06d00000,0x000000af06e00000)]
  0x000001c2c48e7800 JavaThread "Daemon health stats" [_thread_blocked, id=20984, stack(0x000000af07200000,0x000000af07300000)]
  0x000001c2c3ca6000 JavaThread "Incoming local TCP Connector on port 64937" [_thread_in_native, id=18804, stack(0x000000af07300000,0x000000af07400000)]
  0x000001c2c4bc0000 JavaThread "Daemon periodic checks" [_thread_blocked, id=23536, stack(0x000000af07400000,0x000000af07500000)]
  0x000001c2c450d000 JavaThread "Cache worker for file hash cache (C:\Users\parishani\.gradle\caches\7.0.2\fileHashes)" [_thread_blocked, id=15952, stack(0x000000af07d00000,0x000000af07e00000)]
  0x000001c2c450d800 JavaThread "File lock request listener" [_thread_in_native, id=1296, stack(0x000000af07e00000,0x000000af07f00000)]
  0x000001c2c4508000 JavaThread "Cache worker for journal cache (C:\Users\parishani\.gradle\caches\journal-1)" [_thread_blocked, id=22856, stack(0x000000af07f00000,0x000000af08000000)]
  0x000001c2c450e800 JavaThread "File watcher server" daemon [_thread_in_native, id=11036, stack(0x000000af08100000,0x000000af08200000)]
  0x000001c2c4509000 JavaThread "File watcher consumer" daemon [_thread_blocked, id=15840, stack(0x000000af08200000,0x000000af08300000)]
  0x000001c2c4509800 JavaThread "jar transforms" [_thread_blocked, id=23520, stack(0x000000af08300000,0x000000af08400000)]
  0x000001c2c4679800 JavaThread "jar transforms Thread 2" [_thread_blocked, id=23184, stack(0x000000af08400000,0x000000af08500000)]
  0x000001c2c467a800 JavaThread "jar transforms Thread 3" [_thread_blocked, id=13692, stack(0x000000af08500000,0x000000af08600000)]
  0x000001c2c467c000 JavaThread "jar transforms Thread 4" [_thread_blocked, id=12428, stack(0x000000af08600000,0x000000af08700000)]
  0x000001c2c467e000 JavaThread "Cache worker for execution history cache (C:\Users\parishani\.gradle\caches\7.0.2\executionHistory)" [_thread_blocked, id=22944, stack(0x000000af08a00000,0x000000af08b00000)]
  0x000001c2c4683800 JavaThread "Cache worker for file content cache (C:\Users\parishani\.gradle\caches\7.0.2\fileContent)" [_thread_blocked, id=17988, stack(0x000000af08b00000,0x000000af08c00000)]
  0x000001c2c528e000 JavaThread "Memory manager" [_thread_blocked, id=13436, stack(0x000000af09200000,0x000000af09300000)]
  0x000001c2c528e800 JavaThread "Daemon Thread 2" [_thread_blocked, id=23648, stack(0x000000af05b00000,0x000000af05c00000)]
  0x000001c2c5290000 JavaThread "Daemon worker Thread 2" [_thread_blocked, id=11244, stack(0x000000af06f00000,0x000000af07000000)]
  0x000001c2c467d000 JavaThread "Handler for socket connection from /127.0.0.1:64937 to /127.0.0.1:56436" [_thread_in_native, id=23080, stack(0x000000af07500000,0x000000af07600000)]
  0x000001c2c4679000 JavaThread "Cancel handler" [_thread_blocked, id=14276, stack(0x000000af07600000,0x000000af07700000)]
  0x000001c2c4677800 JavaThread "Asynchronous log dispatcher for DefaultDaemonConnection: socket connection from /127.0.0.1:64937 to /127.0.0.1:56436" [_thread_blocked, id=20672, stack(0x000000af07700000,0x000000af07800000)]

Other Threads:
  0x000001c2c11d5000 VMThread "VM Thread" [stack: 0x000000af06400000,0x000000af06500000] [id=17048]
  0x000001c2c1d07800 WatcherThread [stack: 0x000000af06e00000,0x000000af06f00000] [id=11392]
  0x000001c2a675c800 GCTaskThread "GC Thread#0" [stack: 0x000000af05f00000,0x000000af06000000] [id=18860]
  0x000001c2c2137000 GCTaskThread "GC Thread#1" [stack: 0x000000af07000000,0x000000af07100000] [id=20968]
  0x000001c2c251f800 GCTaskThread "GC Thread#2" [stack: 0x000000af07100000,0x000000af07200000] [id=9680]
  0x000001c2c452b800 GCTaskThread "GC Thread#3" [stack: 0x000000af07c00000,0x000000af07d00000] [id=22260]
  0x000001c2a895d800 ConcurrentGCThread "G1 Main Marker" [stack: 0x000000af06000000,0x000000af06100000] [id=22348]
  0x000001c2a895e800 ConcurrentGCThread "G1 Conc#0" [stack: 0x000000af06100000,0x000000af06200000] [id=1948]
  0x000001c2a89f0000 ConcurrentGCThread "G1 Refine#0" [stack: 0x000000af06200000,0x000000af06300000] [id=1128]
  0x000001c2a89f1800 ConcurrentGCThread "G1 Young RemSet Sampling" [stack: 0x000000af06300000,0x000000af06400000] [id=22636]

Threads with active compile tasks:
C2 CompilerThread01553915 18732       4       org.gradle.tooling.internal.adapter.ProtocolToModelAdapter::convert (177 bytes)

VM state:not at safepoint (normal execution)

VM Mutex/Monitor currently owned by a thread: None

Heap address: 0x00000000a0000000, size: 1536 MB, Compressed Oops mode: 32-bit
Narrow klass base: 0x0000000000000000, Narrow klass shift: 3
Compressed class space size: 1073741824 Address: 0x0000000100000000

Heap:
 garbage-first heap   total 288768K, used 199875K [0x00000000a0000000, 0x0000000100000000)
  region size 1024K, 34 young (34816K), 3 survivors (3072K)
 Metaspace       used 117640K, capacity 121678K, committed 121856K, reserved 1155072K
  class space    used 14847K, capacity 16331K, committed 16384K, reserved 1048576K
Heap Regions: E=young(eden), S=young(survivor), O=old, HS=humongous(starts), HC=humongous(continues), CS=collection set, F=free, A=archive, TAMS=top-at-mark-start (previous, next)
|   0|0x00000000a0000000, 0x00000000a0100000, 0x00000000a0100000|100%| O|  |TAMS 0x00000000a0100000, 0x00000000a0000000| Untracked 
|   1|0x00000000a0100000, 0x00000000a0200000, 0x00000000a0200000|100%| O|  |TAMS 0x00000000a0200000, 0x00000000a0100000| Untracked 
|   2|0x00000000a0200000, 0x00000000a0300000, 0x00000000a0300000|100%| O|  |TAMS 0x00000000a0300000, 0x00000000a0200000| Untracked 
|   3|0x00000000a0300000, 0x00000000a0400000, 0x00000000a0400000|100%|HS|  |TAMS 0x00000000a0400000, 0x00000000a0300000| Complete 
|   4|0x00000000a0400000, 0x00000000a0500000, 0x00000000a0500000|100%|HC|  |TAMS 0x00000000a0500000, 0x00000000a0400000| Complete 
|   5|0x00000000a0500000, 0x00000000a0600000, 0x00000000a0600000|100%|HC|  |TAMS 0x00000000a0600000, 0x00000000a0500000| Complete 
|   6|0x00000000a0600000, 0x00000000a0700000, 0x00000000a0700000|100%| O|  |TAMS 0x00000000a0700000, 0x00000000a0600000| Untracked 
|   7|0x00000000a0700000, 0x00000000a0800000, 0x00000000a0800000|100%| O|  |TAMS 0x00000000a0800000, 0x00000000a0700000| Untracked 
|   8|0x00000000a0800000, 0x00000000a0900000, 0x00000000a0900000|100%| O|  |TAMS 0x00000000a0900000, 0x00000000a0800000| Untracked 
|   9|0x00000000a0900000, 0x00000000a0a00000, 0x00000000a0a00000|100%| O|  |TAMS 0x00000000a0a00000, 0x00000000a0900000| Untracked 
|  10|0x00000000a0a00000, 0x00000000a0b00000, 0x00000000a0b00000|100%| O|  |TAMS 0x00000000a0b00000, 0x00000000a0a00000| Untracked 
|  11|0x00000000a0b00000, 0x00000000a0c00000, 0x00000000a0c00000|100%| O|  |TAMS 0x00000000a0c00000, 0x00000000a0b00000| Untracked 
|  12|0x00000000a0c00000, 0x00000000a0d00000, 0x00000000a0d00000|100%| O|  |TAMS 0x00000000a0d00000, 0x00000000a0c00000| Untracked 
|  13|0x00000000a0d00000, 0x00000000a0e00000, 0x00000000a0e00000|100%| O|  |TAMS 0x00000000a0e00000, 0x00000000a0d00000| Untracked 
|  14|0x00000000a0e00000, 0x00000000a0f00000, 0x00000000a0f00000|100%| O|  |TAMS 0x00000000a0f00000, 0x00000000a0e00000| Untracked 
|  15|0x00000000a0f00000, 0x00000000a1000000, 0x00000000a1000000|100%| O|  |TAMS 0x00000000a1000000, 0x00000000a0f00000| Untracked 
|  16|0x00000000a1000000, 0x00000000a1100000, 0x00000000a1100000|100%|HS|  |TAMS 0x00000000a1100000, 0x00000000a1000000| Complete 
|  17|0x00000000a1100000, 0x00000000a1200000, 0x00000000a1200000|100%|HC|  |TAMS 0x00000000a1200000, 0x00000000a1100000| Complete 
|  18|0x00000000a1200000, 0x00000000a1300000, 0x00000000a1300000|100%|HS|  |TAMS 0x00000000a1300000, 0x00000000a1200000| Complete 
|  19|0x00000000a1300000, 0x00000000a1400000, 0x00000000a1400000|100%|HC|  |TAMS 0x00000000a1400000, 0x00000000a1300000| Complete 
|  20|0x00000000a1400000, 0x00000000a1500000, 0x00000000a1500000|100%|HC|  |TAMS 0x00000000a1500000, 0x00000000a1400000| Complete 
|  21|0x00000000a1500000, 0x00000000a1600000, 0x00000000a1600000|100%|HS|  |TAMS 0x00000000a1600000, 0x00000000a1500000| Complete 
|  22|0x00000000a1600000, 0x00000000a1700000, 0x00000000a1700000|100%|HC|  |TAMS 0x00000000a1700000, 0x00000000a1600000| Complete 
|  23|0x00000000a1700000, 0x00000000a1800000, 0x00000000a1800000|100%|HC|  |TAMS 0x00000000a1800000, 0x00000000a1700000| Complete 
|  24|0x00000000a1800000, 0x00000000a1900000, 0x00000000a1900000|100%|HC|  |TAMS 0x00000000a1900000, 0x00000000a1800000| Complete 
|  25|0x00000000a1900000, 0x00000000a1a00000, 0x00000000a1a00000|100%| O|  |TAMS 0x00000000a1a00000, 0x00000000a1900000| Untracked 
|  26|0x00000000a1a00000, 0x00000000a1b00000, 0x00000000a1b00000|100%| O|  |TAMS 0x00000000a1b00000, 0x00000000a1a00000| Untracked 
|  27|0x00000000a1b00000, 0x00000000a1c00000, 0x00000000a1c00000|100%| O|  |TAMS 0x00000000a1c00000, 0x00000000a1b00000| Untracked 
|  28|0x00000000a1c00000, 0x00000000a1d00000, 0x00000000a1d00000|100%| O|  |TAMS 0x00000000a1d00000, 0x00000000a1c00000| Untracked 
|  29|0x00000000a1d00000, 0x00000000a1e00000, 0x00000000a1e00000|100%| O|  |TAMS 0x00000000a1e00000, 0x00000000a1d00000| Untracked 
|  30|0x00000000a1e00000, 0x00000000a1f00000, 0x00000000a1f00000|100%| O|  |TAMS 0x00000000a1f00000, 0x00000000a1e00000| Untracked 
|  31|0x00000000a1f00000, 0x00000000a2000000, 0x00000000a2000000|100%| O|  |TAMS 0x00000000a2000000, 0x00000000a1f00000| Untracked 
|  32|0x00000000a2000000, 0x00000000a2100000, 0x00000000a2100000|100%| O|  |TAMS 0x00000000a2100000, 0x00000000a2000000| Untracked 
|  33|0x00000000a2100000, 0x00000000a2200000, 0x00000000a2200000|100%| O|  |TAMS 0x00000000a2200000, 0x00000000a2100000| Untracked 
|  34|0x00000000a2200000, 0x00000000a2300000, 0x00000000a2300000|100%| O|  |TAMS 0x00000000a2300000, 0x00000000a2200000| Untracked 
|  35|0x00000000a2300000, 0x00000000a2400000, 0x00000000a2400000|100%| O|  |TAMS 0x00000000a2400000, 0x00000000a2300000| Untracked 
|  36|0x00000000a2400000, 0x00000000a2500000, 0x00000000a2500000|100%| O|  |TAMS 0x00000000a2500000, 0x00000000a2400000| Untracked 
|  37|0x00000000a2500000, 0x00000000a2600000, 0x00000000a2600000|100%| O|  |TAMS 0x00000000a2600000, 0x00000000a2500000| Untracked 
|  38|0x00000000a2600000, 0x00000000a2700000, 0x00000000a2700000|100%| O|  |TAMS 0x00000000a2700000, 0x00000000a2600000| Untracked 
|  39|0x00000000a2700000, 0x00000000a2800000, 0x00000000a2800000|100%|HS|  |TAMS 0x00000000a2800000, 0x00000000a2700000| Complete 
|  40|0x00000000a2800000, 0x00000000a2900000, 0x00000000a2900000|100%|HC|  |TAMS 0x00000000a2900000, 0x00000000a2800000| Complete 
|  41|0x00000000a2900000, 0x00000000a2a00000, 0x00000000a2a00000|100%|HC|  |TAMS 0x00000000a2a00000, 0x00000000a2900000| Complete 
|  42|0x00000000a2a00000, 0x00000000a2b00000, 0x00000000a2b00000|100%| O|  |TAMS 0x00000000a2b00000, 0x00000000a2a00000| Untracked 
|  43|0x00000000a2b00000, 0x00000000a2c00000, 0x00000000a2c00000|100%| O|  |TAMS 0x00000000a2c00000, 0x00000000a2b00000| Untracked 
|  44|0x00000000a2c00000, 0x00000000a2d00000, 0x00000000a2d00000|100%| O|  |TAMS 0x00000000a2d00000, 0x00000000a2c00000| Untracked 
|  45|0x00000000a2d00000, 0x00000000a2e00000, 0x00000000a2e00000|100%|HS|  |TAMS 0x00000000a2e00000, 0x00000000a2d00000| Complete 
|  46|0x00000000a2e00000, 0x00000000a2f00000, 0x00000000a2f00000|100%|HC|  |TAMS 0x00000000a2f00000, 0x00000000a2e00000| Complete 
|  47|0x00000000a2f00000, 0x00000000a3000000, 0x00000000a3000000|100%|HC|  |TAMS 0x00000000a3000000, 0x00000000a2f00000| Complete 
|  48|0x00000000a3000000, 0x00000000a3100000, 0x00000000a3100000|100%|HC|  |TAMS 0x00000000a3100000, 0x00000000a3000000| Complete 
|  49|0x00000000a3100000, 0x00000000a3200000, 0x00000000a3200000|100%| O|  |TAMS 0x00000000a3200000, 0x00000000a3100000| Untracked 
|  50|0x00000000a3200000, 0x00000000a3300000, 0x00000000a3300000|100%| O|  |TAMS 0x00000000a3300000, 0x00000000a3200000| Untracked 
|  51|0x00000000a3300000, 0x00000000a3400000, 0x00000000a3400000|100%| O|  |TAMS 0x00000000a3400000, 0x00000000a3300000| Untracked 
|  52|0x00000000a3400000, 0x00000000a3500000, 0x00000000a3500000|100%|HS|  |TAMS 0x00000000a3500000, 0x00000000a3400000| Complete 
|  53|0x00000000a3500000, 0x00000000a3600000, 0x00000000a3600000|100%|HS|  |TAMS 0x00000000a3600000, 0x00000000a3500000| Complete 
|  54|0x00000000a3600000, 0x00000000a3700000, 0x00000000a3700000|100%|HS|  |TAMS 0x00000000a3700000, 0x00000000a3600000| Complete 
|  55|0x00000000a3700000, 0x00000000a3800000, 0x00000000a3800000|100%|HC|  |TAMS 0x00000000a3800000, 0x00000000a3700000| Complete 
|  56|0x00000000a3800000, 0x00000000a3900000, 0x00000000a3900000|100%| O|  |TAMS 0x00000000a3900000, 0x00000000a3800000| Untracked 
|  57|0x00000000a3900000, 0x00000000a3a00000, 0x00000000a3a00000|100%| O|  |TAMS 0x00000000a3a00000, 0x00000000a3900000| Untracked 
|  58|0x00000000a3a00000, 0x00000000a3b00000, 0x00000000a3b00000|100%| O|  |TAMS 0x00000000a3b00000, 0x00000000a3a00000| Untracked 
|  59|0x00000000a3b00000, 0x00000000a3c00000, 0x00000000a3c00000|100%| O|  |TAMS 0x00000000a3c00000, 0x00000000a3b00000| Untracked 
|  60|0x00000000a3c00000, 0x00000000a3d00000, 0x00000000a3d00000|100%| O|  |TAMS 0x00000000a3d00000, 0x00000000a3c00000| Untracked 
|  61|0x00000000a3d00000, 0x00000000a3e00000, 0x00000000a3e00000|100%| O|  |TAMS 0x00000000a3e00000, 0x00000000a3d00000| Untracked 
|  62|0x00000000a3e00000, 0x00000000a3f00000, 0x00000000a3f00000|100%| O|  |TAMS 0x00000000a3f00000, 0x00000000a3e00000| Untracked 
|  63|0x00000000a3f00000, 0x00000000a4000000, 0x00000000a4000000|100%| O|  |TAMS 0x00000000a4000000, 0x00000000a3f00000| Untracked 
|  64|0x00000000a4000000, 0x00000000a4100000, 0x00000000a4100000|100%| O|  |TAMS 0x00000000a4100000, 0x00000000a4000000| Untracked 
|  65|0x00000000a4100000, 0x00000000a4200000, 0x00000000a4200000|100%| O|  |TAMS 0x00000000a4200000, 0x00000000a4100000| Untracked 
|  66|0x00000000a4200000, 0x00000000a4300000, 0x00000000a4300000|100%| O|  |TAMS 0x00000000a4300000, 0x00000000a4200000| Untracked 
|  67|0x00000000a4300000, 0x00000000a4400000, 0x00000000a4400000|100%| O|  |TAMS 0x00000000a4400000, 0x00000000a4300000| Untracked 
|  68|0x00000000a4400000, 0x00000000a4500000, 0x00000000a4500000|100%| O|  |TAMS 0x00000000a4500000, 0x00000000a4400000| Untracked 
|  69|0x00000000a4500000, 0x00000000a4600000, 0x00000000a4600000|100%| O|  |TAMS 0x00000000a4500000, 0x00000000a4500000| Untracked 
|  70|0x00000000a4600000, 0x00000000a4700000, 0x00000000a4700000|100%| O|  |TAMS 0x00000000a4700000, 0x00000000a4600000| Untracked 
|  71|0x00000000a4700000, 0x00000000a4800000, 0x00000000a4800000|100%| O|  |TAMS 0x00000000a4800000, 0x00000000a4700000| Untracked 
|  72|0x00000000a4800000, 0x00000000a4900000, 0x00000000a4900000|100%| O|  |TAMS 0x00000000a4800000, 0x00000000a4800000| Untracked 
|  73|0x00000000a4900000, 0x00000000a4a00000, 0x00000000a4a00000|100%| O|  |TAMS 0x00000000a4a00000, 0x00000000a4900000| Untracked 
|  74|0x00000000a4a00000, 0x00000000a4b00000, 0x00000000a4b00000|100%| O|  |TAMS 0x00000000a4b00000, 0x00000000a4a00000| Untracked 
|  75|0x00000000a4b00000, 0x00000000a4c00000, 0x00000000a4c00000|100%| O|  |TAMS 0x00000000a4c00000, 0x00000000a4b00000| Untracked 
|  76|0x00000000a4c00000, 0x00000000a4d00000, 0x00000000a4d00000|100%| O|  |TAMS 0x00000000a4d00000, 0x00000000a4c00000| Untracked 
|  77|0x00000000a4d00000, 0x00000000a4e00000, 0x00000000a4e00000|100%| O|  |TAMS 0x00000000a4e00000, 0x00000000a4d00000| Untracked 
|  78|0x00000000a4e00000, 0x00000000a4f00000, 0x00000000a4f00000|100%| O|  |TAMS 0x00000000a4f00000, 0x00000000a4e00000| Untracked 
|  79|0x00000000a4f00000, 0x00000000a5000000, 0x00000000a5000000|100%| O|  |TAMS 0x00000000a5000000, 0x00000000a4f00000| Untracked 
|  80|0x00000000a5000000, 0x00000000a5100000, 0x00000000a5100000|100%| O|  |TAMS 0x00000000a5100000, 0x00000000a5000000| Untracked 
|  81|0x00000000a5100000, 0x00000000a5200000, 0x00000000a5200000|100%| O|  |TAMS 0x00000000a5200000, 0x00000000a5100000| Untracked 
|  82|0x00000000a5200000, 0x00000000a5300000, 0x00000000a5300000|100%| O|  |TAMS 0x00000000a5300000, 0x00000000a5200000| Untracked 
|  83|0x00000000a5300000, 0x00000000a5400000, 0x00000000a5400000|100%| O|  |TAMS 0x00000000a5400000, 0x00000000a5300000| Untracked 
|  84|0x00000000a5400000, 0x00000000a5500000, 0x00000000a5500000|100%| O|  |TAMS 0x00000000a5500000, 0x00000000a5400000| Untracked 
|  85|0x00000000a5500000, 0x00000000a5600000, 0x00000000a5600000|100%| O|  |TAMS 0x00000000a5600000, 0x00000000a5500000| Untracked 
|  86|0x00000000a5600000, 0x00000000a5700000, 0x00000000a5700000|100%| O|  |TAMS 0x00000000a5700000, 0x00000000a5600000| Untracked 
|  87|0x00000000a5700000, 0x00000000a5800000, 0x00000000a5800000|100%|HS|  |TAMS 0x00000000a5800000, 0x00000000a5700000| Complete 
|  88|0x00000000a5800000, 0x00000000a5900000, 0x00000000a5900000|100%|HC|  |TAMS 0x00000000a5900000, 0x00000000a5800000| Complete 
|  89|0x00000000a5900000, 0x00000000a5a00000, 0x00000000a5a00000|100%|HS|  |TAMS 0x00000000a5a00000, 0x00000000a5900000| Complete 
|  90|0x00000000a5a00000, 0x00000000a5b00000, 0x00000000a5b00000|100%|HC|  |TAMS 0x00000000a5b00000, 0x00000000a5a00000| Complete 
|  91|0x00000000a5b00000, 0x00000000a5c00000, 0x00000000a5c00000|100%|HC|  |TAMS 0x00000000a5c00000, 0x00000000a5b00000| Complete 
|  92|0x00000000a5c00000, 0x00000000a5d00000, 0x00000000a5d00000|100%|HS|  |TAMS 0x00000000a5d00000, 0x00000000a5c00000| Complete 
|  93|0x00000000a5d00000, 0x00000000a5e00000, 0x00000000a5e00000|100%|HC|  |TAMS 0x00000000a5e00000, 0x00000000a5d00000| Complete 
|  94|0x00000000a5e00000, 0x00000000a5f00000, 0x00000000a5f00000|100%|HC|  |TAMS 0x00000000a5f00000, 0x00000000a5e00000| Complete 
|  95|0x00000000a5f00000, 0x00000000a6000000, 0x00000000a6000000|100%|HC|  |TAMS 0x00000000a6000000, 0x00000000a5f00000| Complete 
|  96|0x00000000a6000000, 0x00000000a6100000, 0x00000000a6100000|100%| O|  |TAMS 0x00000000a608de00, 0x00000000a6000000| Untracked 
|  97|0x00000000a6100000, 0x00000000a6200000, 0x00000000a6200000|100%| O|  |TAMS 0x00000000a6200000, 0x00000000a6100000| Untracked 
|  98|0x00000000a6200000, 0x00000000a6300000, 0x00000000a6300000|100%| O|  |TAMS 0x00000000a6300000, 0x00000000a6200000| Untracked 
|  99|0x00000000a6300000, 0x00000000a6400000, 0x00000000a6400000|100%| O|  |TAMS 0x00000000a6400000, 0x00000000a6300000| Untracked 
| 100|0x00000000a6400000, 0x00000000a6500000, 0x00000000a6500000|100%| O|  |TAMS 0x00000000a6400000, 0x00000000a6400000| Untracked 
| 101|0x00000000a6500000, 0x00000000a6600000, 0x00000000a6600000|100%| O|  |TAMS 0x00000000a6600000, 0x00000000a6500000| Untracked 
| 102|0x00000000a6600000, 0x00000000a6700000, 0x00000000a6700000|100%| O|  |TAMS 0x00000000a6700000, 0x00000000a6600000| Untracked 
| 103|0x00000000a6700000, 0x00000000a6800000, 0x00000000a6800000|100%| O|  |TAMS 0x00000000a6800000, 0x00000000a6700000| Untracked 
| 104|0x00000000a6800000, 0x00000000a6900000, 0x00000000a6900000|100%| O|  |TAMS 0x00000000a6900000, 0x00000000a6800000| Untracked 
| 105|0x00000000a6900000, 0x00000000a6a00000, 0x00000000a6a00000|100%| O|  |TAMS 0x00000000a6a00000, 0x00000000a6900000| Untracked 
| 106|0x00000000a6a00000, 0x00000000a6b00000, 0x00000000a6b00000|100%| O|  |TAMS 0x00000000a6a00000, 0x00000000a6a00000| Untracked 
| 107|0x00000000a6b00000, 0x00000000a6c00000, 0x00000000a6c00000|100%| O|  |TAMS 0x00000000a6b00000, 0x00000000a6b00000| Untracked 
| 108|0x00000000a6c00000, 0x00000000a6d00000, 0x00000000a6d00000|100%| O|  |TAMS 0x00000000a6c00000, 0x00000000a6c00000| Untracked 
| 109|0x00000000a6d00000, 0x00000000a6e00000, 0x00000000a6e00000|100%| O|  |TAMS 0x00000000a6d00000, 0x00000000a6d00000| Untracked 
| 110|0x00000000a6e00000, 0x00000000a6f00000, 0x00000000a6f00000|100%| O|  |TAMS 0x00000000a6e00000, 0x00000000a6e00000| Untracked 
| 111|0x00000000a6f00000, 0x00000000a7000000, 0x00000000a7000000|100%| O|  |TAMS 0x00000000a6f00000, 0x00000000a6f00000| Untracked 
| 112|0x00000000a7000000, 0x00000000a7100000, 0x00000000a7100000|100%| O|  |TAMS 0x00000000a7000000, 0x00000000a7000000| Untracked 
| 113|0x00000000a7100000, 0x00000000a7200000, 0x00000000a7200000|100%| O|  |TAMS 0x00000000a7100000, 0x00000000a7100000| Untracked 
| 114|0x00000000a7200000, 0x00000000a7300000, 0x00000000a7300000|100%| O|  |TAMS 0x00000000a7300000, 0x00000000a7200000| Untracked 
| 115|0x00000000a7300000, 0x00000000a7400000, 0x00000000a7400000|100%| O|  |TAMS 0x00000000a7400000, 0x00000000a7300000| Untracked 
| 116|0x00000000a7400000, 0x00000000a7500000, 0x00000000a7500000|100%| O|  |TAMS 0x00000000a7500000, 0x00000000a7400000| Untracked 
| 117|0x00000000a7500000, 0x00000000a7600000, 0x00000000a7600000|100%| O|  |TAMS 0x00000000a7600000, 0x00000000a7500000| Untracked 
| 118|0x00000000a7600000, 0x00000000a7700000, 0x00000000a7700000|100%| O|  |TAMS 0x00000000a7700000, 0x00000000a7600000| Untracked 
| 119|0x00000000a7700000, 0x00000000a7800000, 0x00000000a7800000|100%| O|  |TAMS 0x00000000a7800000, 0x00000000a7700000| Untracked 
| 120|0x00000000a7800000, 0x00000000a7900000, 0x00000000a7900000|100%| O|  |TAMS 0x00000000a7800000, 0x00000000a7800000| Untracked 
| 121|0x00000000a7900000, 0x00000000a7a00000, 0x00000000a7a00000|100%| O|  |TAMS 0x00000000a7900000, 0x00000000a7900000| Untracked 
| 122|0x00000000a7a00000, 0x00000000a7b00000, 0x00000000a7b00000|100%| O|  |TAMS 0x00000000a7a00000, 0x00000000a7a00000| Untracked 
| 123|0x00000000a7b00000, 0x00000000a7c00000, 0x00000000a7c00000|100%| O|  |TAMS 0x00000000a7b00000, 0x00000000a7b00000| Untracked 
| 124|0x00000000a7c00000, 0x00000000a7d00000, 0x00000000a7d00000|100%| O|  |TAMS 0x00000000a7c00000, 0x00000000a7c00000| Untracked 
| 125|0x00000000a7d00000, 0x00000000a7e00000, 0x00000000a7e00000|100%| O|  |TAMS 0x00000000a7d00000, 0x00000000a7d00000| Untracked 
| 126|0x00000000a7e00000, 0x00000000a7f00000, 0x00000000a7f00000|100%| O|  |TAMS 0x00000000a7e00000, 0x00000000a7e00000| Untracked 
| 127|0x00000000a7f00000, 0x00000000a8000000, 0x00000000a8000000|100%| O|  |TAMS 0x00000000a7f00000, 0x00000000a7f00000| Untracked 
| 128|0x00000000a8000000, 0x00000000a8100000, 0x00000000a8100000|100%| O|  |TAMS 0x00000000a8000000, 0x00000000a8000000| Untracked 
| 129|0x00000000a8100000, 0x00000000a8200000, 0x00000000a8200000|100%| O|  |TAMS 0x00000000a8100000, 0x00000000a8100000| Untracked 
| 130|0x00000000a8200000, 0x00000000a8300000, 0x00000000a8300000|100%| O|  |TAMS 0x00000000a8200000, 0x00000000a8200000| Untracked 
| 131|0x00000000a8300000, 0x00000000a8400000, 0x00000000a8400000|100%| O|  |TAMS 0x00000000a8300000, 0x00000000a8300000| Untracked 
| 132|0x00000000a8400000, 0x00000000a8500000, 0x00000000a8500000|100%| O|  |TAMS 0x00000000a8400000, 0x00000000a8400000| Untracked 
| 133|0x00000000a8500000, 0x00000000a8600000, 0x00000000a8600000|100%| O|  |TAMS 0x00000000a8500000, 0x00000000a8500000| Untracked 
| 134|0x00000000a8600000, 0x00000000a8700000, 0x00000000a8700000|100%| O|  |TAMS 0x00000000a8600000, 0x00000000a8600000| Untracked 
| 135|0x00000000a8700000, 0x00000000a8800000, 0x00000000a8800000|100%| O|  |TAMS 0x00000000a8800000, 0x00000000a8700000| Untracked 
| 136|0x00000000a8800000, 0x00000000a8900000, 0x00000000a8900000|100%| O|  |TAMS 0x00000000a8900000, 0x00000000a8800000| Untracked 
| 137|0x00000000a8900000, 0x00000000a8a00000, 0x00000000a8a00000|100%| O|  |TAMS 0x00000000a8a00000, 0x00000000a8900000| Untracked 
| 138|0x00000000a8a00000, 0x00000000a8b00000, 0x00000000a8b00000|100%| O|  |TAMS 0x00000000a8a00000, 0x00000000a8a00000| Untracked 
| 139|0x00000000a8b00000, 0x00000000a8c00000, 0x00000000a8c00000|100%| O|  |TAMS 0x00000000a8b00000, 0x00000000a8b00000| Untracked 
| 140|0x00000000a8c00000, 0x00000000a8d00000, 0x00000000a8d00000|100%| O|  |TAMS 0x00000000a8c00000, 0x00000000a8c00000| Untracked 
| 141|0x00000000a8d00000, 0x00000000a8e00000, 0x00000000a8e00000|100%| O|  |TAMS 0x00000000a8d00000, 0x00000000a8d00000| Untracked 
| 142|0x00000000a8e00000, 0x00000000a8f00000, 0x00000000a8f00000|100%| O|  |TAMS 0x00000000a8e00000, 0x00000000a8e00000| Untracked 
| 143|0x00000000a8f00000, 0x00000000a9000000, 0x00000000a9000000|100%| O|  |TAMS 0x00000000a8f00000, 0x00000000a8f00000| Untracked 
| 144|0x00000000a9000000, 0x00000000a9100000, 0x00000000a9100000|100%| O|  |TAMS 0x00000000a9000000, 0x00000000a9000000| Untracked 
| 145|0x00000000a9100000, 0x00000000a9200000, 0x00000000a9200000|100%| O|  |TAMS 0x00000000a9100000, 0x00000000a9100000| Untracked 
| 146|0x00000000a9200000, 0x00000000a9300000, 0x00000000a9300000|100%| O|  |TAMS 0x00000000a9200000, 0x00000000a9200000| Untracked 
| 147|0x00000000a9300000, 0x00000000a9400000, 0x00000000a9400000|100%| O|  |TAMS 0x00000000a9300000, 0x00000000a9300000| Untracked 
| 148|0x00000000a9400000, 0x00000000a9500000, 0x00000000a9500000|100%| O|  |TAMS 0x00000000a9400000, 0x00000000a9400000| Untracked 
| 149|0x00000000a9500000, 0x00000000a9600000, 0x00000000a9600000|100%| O|  |TAMS 0x00000000a9500000, 0x00000000a9500000| Untracked 
| 150|0x00000000a9600000, 0x00000000a9700000, 0x00000000a9700000|100%| O|  |TAMS 0x00000000a9600000, 0x00000000a9600000| Untracked 
| 151|0x00000000a9700000, 0x00000000a9800000, 0x00000000a9800000|100%| O|  |TAMS 0x00000000a9700000, 0x00000000a9700000| Untracked 
| 152|0x00000000a9800000, 0x00000000a9900000, 0x00000000a9900000|100%| O|  |TAMS 0x00000000a9800000, 0x00000000a9800000| Untracked 
| 153|0x00000000a9900000, 0x00000000a9a00000, 0x00000000a9a00000|100%| O|  |TAMS 0x00000000a9900000, 0x00000000a9900000| Untracked 
| 154|0x00000000a9a00000, 0x00000000a9b00000, 0x00000000a9b00000|100%| O|  |TAMS 0x00000000a9a00000, 0x00000000a9a00000| Untracked 
| 155|0x00000000a9b00000, 0x00000000a9c00000, 0x00000000a9c00000|100%| O|  |TAMS 0x00000000a9b00000, 0x00000000a9b00000| Untracked 
| 156|0x00000000a9c00000, 0x00000000a9d00000, 0x00000000a9d00000|100%| O|  |TAMS 0x00000000a9c00000, 0x00000000a9c00000| Untracked 
| 157|0x00000000a9d00000, 0x00000000a9e00000, 0x00000000a9e00000|100%| O|  |TAMS 0x00000000a9d00000, 0x00000000a9d00000| Untracked 
| 158|0x00000000a9e00000, 0x00000000a9f00000, 0x00000000a9f00000|100%| O|  |TAMS 0x00000000a9e00000, 0x00000000a9e00000| Untracked 
| 159|0x00000000a9f00000, 0x00000000aa000000, 0x00000000aa000000|100%| O|  |TAMS 0x00000000a9f00000, 0x00000000a9f00000| Untracked 
| 160|0x00000000aa000000, 0x00000000aa100000, 0x00000000aa100000|100%| O|  |TAMS 0x00000000aa000000, 0x00000000aa000000| Untracked 
| 161|0x00000000aa100000, 0x00000000aa200000, 0x00000000aa200000|100%| O|  |TAMS 0x00000000aa100000, 0x00000000aa100000| Untracked 
| 162|0x00000000aa200000, 0x00000000aa2a0400, 0x00000000aa300000| 62%| O|  |TAMS 0x00000000aa200000, 0x00000000aa200000| Untracked 
| 163|0x00000000aa300000, 0x00000000aa300000, 0x00000000aa400000|  0%| F|  |TAMS 0x00000000aa300000, 0x00000000aa300000| Untracked 
| 164|0x00000000aa400000, 0x00000000aa400000, 0x00000000aa500000|  0%| F|  |TAMS 0x00000000aa400000, 0x00000000aa400000| Untracked 
| 165|0x00000000aa500000, 0x00000000aa500000, 0x00000000aa600000|  0%| F|  |TAMS 0x00000000aa500000, 0x00000000aa500000| Untracked 
| 166|0x00000000aa600000, 0x00000000aa600000, 0x00000000aa700000|  0%| F|  |TAMS 0x00000000aa600000, 0x00000000aa600000| Untracked 
| 167|0x00000000aa700000, 0x00000000aa700000, 0x00000000aa800000|  0%| F|  |TAMS 0x00000000aa700000, 0x00000000aa700000| Untracked 
| 168|0x00000000aa800000, 0x00000000aa800000, 0x00000000aa900000|  0%| F|  |TAMS 0x00000000aa800000, 0x00000000aa800000| Untracked 
| 169|0x00000000aa900000, 0x00000000aa900000, 0x00000000aaa00000|  0%| F|  |TAMS 0x00000000aa900000, 0x00000000aa900000| Untracked 
| 170|0x00000000aaa00000, 0x00000000aaa00000, 0x00000000aab00000|  0%| F|  |TAMS 0x00000000aaa00000, 0x00000000aaa00000| Untracked 
| 171|0x00000000aab00000, 0x00000000aab00000, 0x00000000aac00000|  0%| F|  |TAMS 0x00000000aab00000, 0x00000000aab00000| Untracked 
| 172|0x00000000aac00000, 0x00000000aac00000, 0x00000000aad00000|  0%| F|  |TAMS 0x00000000aac00000, 0x00000000aac00000| Untracked 
| 173|0x00000000aad00000, 0x00000000aad00000, 0x00000000aae00000|  0%| F|  |TAMS 0x00000000aad00000, 0x00000000aad00000| Untracked 
| 174|0x00000000aae00000, 0x00000000aae00000, 0x00000000aaf00000|  0%| F|  |TAMS 0x00000000aae00000, 0x00000000aae00000| Untracked 
| 175|0x00000000aaf00000, 0x00000000aaf00000, 0x00000000ab000000|  0%| F|  |TAMS 0x00000000aaf00000, 0x00000000aaf00000| Untracked 
| 176|0x00000000ab000000, 0x00000000ab000000, 0x00000000ab100000|  0%| F|  |TAMS 0x00000000ab000000, 0x00000000ab000000| Untracked 
| 177|0x00000000ab100000, 0x00000000ab100000, 0x00000000ab200000|  0%| F|  |TAMS 0x00000000ab100000, 0x00000000ab100000| Untracked 
| 178|0x00000000ab200000, 0x00000000ab200000, 0x00000000ab300000|  0%| F|  |TAMS 0x00000000ab200000, 0x00000000ab200000| Untracked 
| 179|0x00000000ab300000, 0x00000000ab300000, 0x00000000ab400000|  0%| F|  |TAMS 0x00000000ab300000, 0x00000000ab300000| Untracked 
| 180|0x00000000ab400000, 0x00000000ab400000, 0x00000000ab500000|  0%| F|  |TAMS 0x00000000ab400000, 0x00000000ab400000| Untracked 
| 181|0x00000000ab500000, 0x00000000ab500000, 0x00000000ab600000|  0%| F|  |TAMS 0x00000000ab500000, 0x00000000ab500000| Untracked 
| 182|0x00000000ab600000, 0x00000000ab600000, 0x00000000ab700000|  0%| F|  |TAMS 0x00000000ab600000, 0x00000000ab600000| Untracked 
| 183|0x00000000ab700000, 0x00000000ab700000, 0x00000000ab800000|  0%| F|  |TAMS 0x00000000ab700000, 0x00000000ab700000| Untracked 
| 184|0x00000000ab800000, 0x00000000ab800000, 0x00000000ab900000|  0%| F|  |TAMS 0x00000000ab800000, 0x00000000ab800000| Untracked 
| 185|0x00000000ab900000, 0x00000000ab900000, 0x00000000aba00000|  0%| F|  |TAMS 0x00000000ab900000, 0x00000000ab900000| Untracked 
| 186|0x00000000aba00000, 0x00000000aba00000, 0x00000000abb00000|  0%| F|  |TAMS 0x00000000aba00000, 0x00000000aba00000| Untracked 
| 187|0x00000000abb00000, 0x00000000abb00000, 0x00000000abc00000|  0%| F|  |TAMS 0x00000000abb00000, 0x00000000abb00000| Untracked 
| 188|0x00000000abc00000, 0x00000000abc00000, 0x00000000abd00000|  0%| F|  |TAMS 0x00000000abc00000, 0x00000000abc00000| Untracked 
| 189|0x00000000abd00000, 0x00000000abd00000, 0x00000000abe00000|  0%| F|  |TAMS 0x00000000abd00000, 0x00000000abd00000| Untracked 
| 190|0x00000000abe00000, 0x00000000abe00000, 0x00000000abf00000|  0%| F|  |TAMS 0x00000000abe00000, 0x00000000abe00000| Untracked 
| 191|0x00000000abf00000, 0x00000000abf00000, 0x00000000ac000000|  0%| F|  |TAMS 0x00000000abf00000, 0x00000000abf00000| Untracked 
| 192|0x00000000ac000000, 0x00000000ac0909f0, 0x00000000ac100000| 56%| S|CS|TAMS 0x00000000ac000000, 0x00000000ac000000| Complete 
| 193|0x00000000ac100000, 0x00000000ac200000, 0x00000000ac200000|100%| S|CS|TAMS 0x00000000ac100000, 0x00000000ac100000| Complete 
| 194|0x00000000ac200000, 0x00000000ac200000, 0x00000000ac300000|  0%| F|  |TAMS 0x00000000ac200000, 0x00000000ac200000| Untracked 
| 195|0x00000000ac300000, 0x00000000ac300000, 0x00000000ac400000|  0%| F|  |TAMS 0x00000000ac300000, 0x00000000ac300000| Untracked 
| 196|0x00000000ac400000, 0x00000000ac400000, 0x00000000ac500000|  0%| F|  |TAMS 0x00000000ac400000, 0x00000000ac400000| Untracked 
| 197|0x00000000ac500000, 0x00000000ac500000, 0x00000000ac600000|  0%| F|  |TAMS 0x00000000ac500000, 0x00000000ac500000| Untracked 
| 198|0x00000000ac600000, 0x00000000ac700000, 0x00000000ac700000|100%| S|CS|TAMS 0x00000000ac600000, 0x00000000ac600000| Complete 
| 199|0x00000000ac700000, 0x00000000ac700000, 0x00000000ac800000|  0%| F|  |TAMS 0x00000000ac700000, 0x00000000ac700000| Untracked 
| 200|0x00000000ac800000, 0x00000000ac800000, 0x00000000ac900000|  0%| F|  |TAMS 0x00000000ac800000, 0x00000000ac800000| Untracked 
| 201|0x00000000ac900000, 0x00000000ac900000, 0x00000000aca00000|  0%| F|  |TAMS 0x00000000ac900000, 0x00000000ac900000| Untracked 
| 202|0x00000000aca00000, 0x00000000aca00000, 0x00000000acb00000|  0%| F|  |TAMS 0x00000000aca00000, 0x00000000aca00000| Untracked 
| 203|0x00000000acb00000, 0x00000000acb00000, 0x00000000acc00000|  0%| F|  |TAMS 0x00000000acb00000, 0x00000000acb00000| Untracked 
| 204|0x00000000acc00000, 0x00000000acc00000, 0x00000000acd00000|  0%| F|  |TAMS 0x00000000acc00000, 0x00000000acc00000| Untracked 
| 205|0x00000000acd00000, 0x00000000acd00000, 0x00000000ace00000|  0%| F|  |TAMS 0x00000000acd00000, 0x00000000acd00000| Untracked 
| 206|0x00000000ace00000, 0x00000000ace00000, 0x00000000acf00000|  0%| F|  |TAMS 0x00000000ace00000, 0x00000000ace00000| Untracked 
| 207|0x00000000acf00000, 0x00000000acf00000, 0x00000000ad000000|  0%| F|  |TAMS 0x00000000acf00000, 0x00000000acf00000| Untracked 
| 208|0x00000000ad000000, 0x00000000ad000000, 0x00000000ad100000|  0%| F|  |TAMS 0x00000000ad000000, 0x00000000ad000000| Untracked 
| 209|0x00000000ad100000, 0x00000000ad100000, 0x00000000ad200000|  0%| F|  |TAMS 0x00000000ad100000, 0x00000000ad100000| Untracked 
| 210|0x00000000ad200000, 0x00000000ad200000, 0x00000000ad300000|  0%| F|  |TAMS 0x00000000ad200000, 0x00000000ad200000| Untracked 
| 211|0x00000000ad300000, 0x00000000ad300000, 0x00000000ad400000|  0%| F|  |TAMS 0x00000000ad300000, 0x00000000ad300000| Untracked 
| 212|0x00000000ad400000, 0x00000000ad400000, 0x00000000ad500000|  0%| F|  |TAMS 0x00000000ad400000, 0x00000000ad400000| Untracked 
| 213|0x00000000ad500000, 0x00000000ad500000, 0x00000000ad600000|  0%| F|  |TAMS 0x00000000ad500000, 0x00000000ad500000| Untracked 
| 214|0x00000000ad600000, 0x00000000ad600000, 0x00000000ad700000|  0%| F|  |TAMS 0x00000000ad600000, 0x00000000ad600000| Untracked 
| 215|0x00000000ad700000, 0x00000000ad700000, 0x00000000ad800000|  0%| F|  |TAMS 0x00000000ad700000, 0x00000000ad700000| Untracked 
| 216|0x00000000ad800000, 0x00000000ad800000, 0x00000000ad900000|  0%| F|  |TAMS 0x00000000ad800000, 0x00000000ad800000| Untracked 
| 217|0x00000000ad900000, 0x00000000ad900000, 0x00000000ada00000|  0%| F|  |TAMS 0x00000000ad900000, 0x00000000ad900000| Untracked 
| 218|0x00000000ada00000, 0x00000000ada00000, 0x00000000adb00000|  0%| F|  |TAMS 0x00000000ada00000, 0x00000000ada00000| Untracked 
| 219|0x00000000adb00000, 0x00000000adb00000, 0x00000000adc00000|  0%| F|  |TAMS 0x00000000adb00000, 0x00000000adb00000| Untracked 
| 220|0x00000000adc00000, 0x00000000adc00000, 0x00000000add00000|  0%| F|  |TAMS 0x00000000adc00000, 0x00000000adc00000| Untracked 
| 221|0x00000000add00000, 0x00000000add00000, 0x00000000ade00000|  0%| F|  |TAMS 0x00000000add00000, 0x00000000add00000| Untracked 
| 222|0x00000000ade00000, 0x00000000ade00000, 0x00000000adf00000|  0%| F|  |TAMS 0x00000000ade00000, 0x00000000ade00000| Untracked 
| 223|0x00000000adf00000, 0x00000000adf00000, 0x00000000ae000000|  0%| F|  |TAMS 0x00000000adf00000, 0x00000000adf00000| Untracked 
| 224|0x00000000ae000000, 0x00000000ae000000, 0x00000000ae100000|  0%| F|  |TAMS 0x00000000ae000000, 0x00000000ae000000| Untracked 
| 225|0x00000000ae100000, 0x00000000ae100000, 0x00000000ae200000|  0%| F|  |TAMS 0x00000000ae100000, 0x00000000ae100000| Untracked 
| 226|0x00000000ae200000, 0x00000000ae200000, 0x00000000ae300000|  0%| F|  |TAMS 0x00000000ae200000, 0x00000000ae200000| Untracked 
| 227|0x00000000ae300000, 0x00000000ae300000, 0x00000000ae400000|  0%| F|  |TAMS 0x00000000ae300000, 0x00000000ae300000| Untracked 
| 228|0x00000000ae400000, 0x00000000ae400000, 0x00000000ae500000|  0%| F|  |TAMS 0x00000000ae400000, 0x00000000ae400000| Untracked 
| 229|0x00000000ae500000, 0x00000000ae500000, 0x00000000ae600000|  0%| F|  |TAMS 0x00000000ae500000, 0x00000000ae500000| Untracked 
| 230|0x00000000ae600000, 0x00000000ae600000, 0x00000000ae700000|  0%| F|  |TAMS 0x00000000ae600000, 0x00000000ae600000| Untracked 
| 231|0x00000000ae700000, 0x00000000ae700000, 0x00000000ae800000|  0%| F|  |TAMS 0x00000000ae700000, 0x00000000ae700000| Untracked 
| 232|0x00000000ae800000, 0x00000000ae800000, 0x00000000ae900000|  0%| F|  |TAMS 0x00000000ae800000, 0x00000000ae800000| Untracked 
| 233|0x00000000ae900000, 0x00000000ae900000, 0x00000000aea00000|  0%| F|  |TAMS 0x00000000ae900000, 0x00000000ae900000| Untracked 
| 234|0x00000000aea00000, 0x00000000aea00000, 0x00000000aeb00000|  0%| F|  |TAMS 0x00000000aea00000, 0x00000000aea00000| Untracked 
| 235|0x00000000aeb00000, 0x00000000aeb00000, 0x00000000aec00000|  0%| F|  |TAMS 0x00000000aeb00000, 0x00000000aeb00000| Untracked 
| 236|0x00000000aec00000, 0x00000000aec00000, 0x00000000aed00000|  0%| F|  |TAMS 0x00000000aec00000, 0x00000000aec00000| Untracked 
| 237|0x00000000aed00000, 0x00000000aed00000, 0x00000000aee00000|  0%| F|  |TAMS 0x00000000aed00000, 0x00000000aed00000| Untracked 
| 238|0x00000000aee00000, 0x00000000aee00000, 0x00000000aef00000|  0%| F|  |TAMS 0x00000000aee00000, 0x00000000aee00000| Untracked 
| 239|0x00000000aef00000, 0x00000000aef00000, 0x00000000af000000|  0%| F|  |TAMS 0x00000000aef00000, 0x00000000aef00000| Untracked 
| 240|0x00000000af000000, 0x00000000af000000, 0x00000000af100000|  0%| F|  |TAMS 0x00000000af000000, 0x00000000af000000| Untracked 
| 241|0x00000000af100000, 0x00000000af100000, 0x00000000af200000|  0%| F|  |TAMS 0x00000000af100000, 0x00000000af100000| Untracked 
| 242|0x00000000af200000, 0x00000000af200000, 0x00000000af300000|  0%| F|  |TAMS 0x00000000af200000, 0x00000000af200000| Untracked 
| 243|0x00000000af300000, 0x00000000af300000, 0x00000000af400000|  0%| F|  |TAMS 0x00000000af300000, 0x00000000af300000| Untracked 
| 244|0x00000000af400000, 0x00000000af400000, 0x00000000af500000|  0%| F|  |TAMS 0x00000000af400000, 0x00000000af400000| Untracked 
| 245|0x00000000af500000, 0x00000000af500000, 0x00000000af600000|  0%| F|  |TAMS 0x00000000af500000, 0x00000000af500000| Untracked 
| 246|0x00000000af600000, 0x00000000af600000, 0x00000000af700000|  0%| F|  |TAMS 0x00000000af600000, 0x00000000af600000| Untracked 
| 247|0x00000000af700000, 0x00000000af700000, 0x00000000af800000|  0%| F|  |TAMS 0x00000000af700000, 0x00000000af700000| Untracked 
| 248|0x00000000af800000, 0x00000000af800000, 0x00000000af900000|  0%| F|  |TAMS 0x00000000af800000, 0x00000000af800000| Untracked 
| 249|0x00000000af900000, 0x00000000af900000, 0x00000000afa00000|  0%| F|  |TAMS 0x00000000af900000, 0x00000000af900000| Untracked 
| 250|0x00000000afa00000, 0x00000000afa00000, 0x00000000afb00000|  0%| F|  |TAMS 0x00000000afa00000, 0x00000000afa00000| Untracked 
| 251|0x00000000afb00000, 0x00000000afb20968, 0x00000000afc00000| 12%| E|  |TAMS 0x00000000afb00000, 0x00000000afb00000| Complete 
| 252|0x00000000afc00000, 0x00000000afd00000, 0x00000000afd00000|100%| E|CS|TAMS 0x00000000afc00000, 0x00000000afc00000| Complete 
| 253|0x00000000afd00000, 0x00000000afe00000, 0x00000000afe00000|100%| E|CS|TAMS 0x00000000afd00000, 0x00000000afd00000| Complete 
| 254|0x00000000afe00000, 0x00000000aff00000, 0x00000000aff00000|100%| E|CS|TAMS 0x00000000afe00000, 0x00000000afe00000| Complete 
| 255|0x00000000aff00000, 0x00000000b0000000, 0x00000000b0000000|100%| E|CS|TAMS 0x00000000aff00000, 0x00000000aff00000| Complete 
| 256|0x00000000b0000000, 0x00000000b0100000, 0x00000000b0100000|100%| E|CS|TAMS 0x00000000b0000000, 0x00000000b0000000| Complete 
| 257|0x00000000b0100000, 0x00000000b0200000, 0x00000000b0200000|100%| E|CS|TAMS 0x00000000b0100000, 0x00000000b0100000| Complete 
| 258|0x00000000b0200000, 0x00000000b0300000, 0x00000000b0300000|100%| E|CS|TAMS 0x00000000b0200000, 0x00000000b0200000| Complete 
| 259|0x00000000b0300000, 0x00000000b0400000, 0x00000000b0400000|100%| E|CS|TAMS 0x00000000b0300000, 0x00000000b0300000| Complete 
| 260|0x00000000b0400000, 0x00000000b0500000, 0x00000000b0500000|100%| E|CS|TAMS 0x00000000b0400000, 0x00000000b0400000| Complete 
| 261|0x00000000b0500000, 0x00000000b0600000, 0x00000000b0600000|100%| E|CS|TAMS 0x00000000b0500000, 0x00000000b0500000| Complete 
| 262|0x00000000b0600000, 0x00000000b0700000, 0x00000000b0700000|100%| E|CS|TAMS 0x00000000b0600000, 0x00000000b0600000| Complete 
| 263|0x00000000b0700000, 0x00000000b0800000, 0x00000000b0800000|100%| E|CS|TAMS 0x00000000b0700000, 0x00000000b0700000| Complete 
| 264|0x00000000b0800000, 0x00000000b0900000, 0x00000000b0900000|100%| E|CS|TAMS 0x00000000b0800000, 0x00000000b0800000| Complete 
| 265|0x00000000b0900000, 0x00000000b0a00000, 0x00000000b0a00000|100%| E|CS|TAMS 0x00000000b0900000, 0x00000000b0900000| Complete 
| 266|0x00000000b0a00000, 0x00000000b0b00000, 0x00000000b0b00000|100%| E|CS|TAMS 0x00000000b0a00000, 0x00000000b0a00000| Complete 
| 267|0x00000000b0b00000, 0x00000000b0c00000, 0x00000000b0c00000|100%| E|CS|TAMS 0x00000000b0b00000, 0x00000000b0b00000| Complete 
| 268|0x00000000b0c00000, 0x00000000b0d00000, 0x00000000b0d00000|100%| E|CS|TAMS 0x00000000b0c00000, 0x00000000b0c00000| Complete 
| 269|0x00000000b0d00000, 0x00000000b0e00000, 0x00000000b0e00000|100%| E|CS|TAMS 0x00000000b0d00000, 0x00000000b0d00000| Complete 
| 270|0x00000000b0e00000, 0x00000000b0f00000, 0x00000000b0f00000|100%| E|CS|TAMS 0x00000000b0e00000, 0x00000000b0e00000| Complete 
| 271|0x00000000b0f00000, 0x00000000b1000000, 0x00000000b1000000|100%| E|CS|TAMS 0x00000000b0f00000, 0x00000000b0f00000| Complete 
| 272|0x00000000b1000000, 0x00000000b1100000, 0x00000000b1100000|100%| E|CS|TAMS 0x00000000b1000000, 0x00000000b1000000| Complete 
| 273|0x00000000b1100000, 0x00000000b1200000, 0x00000000b1200000|100%| E|CS|TAMS 0x00000000b1100000, 0x00000000b1100000| Complete 
| 274|0x00000000b1200000, 0x00000000b1300000, 0x00000000b1300000|100%| E|CS|TAMS 0x00000000b1200000, 0x00000000b1200000| Complete 
| 275|0x00000000b1300000, 0x00000000b1400000, 0x00000000b1400000|100%| E|CS|TAMS 0x00000000b1300000, 0x00000000b1300000| Complete 
| 276|0x00000000b1400000, 0x00000000b1500000, 0x00000000b1500000|100%| E|CS|TAMS 0x00000000b1400000, 0x00000000b1400000| Complete 
| 277|0x00000000b1500000, 0x00000000b1600000, 0x00000000b1600000|100%| E|CS|TAMS 0x00000000b1500000, 0x00000000b1500000| Complete 
| 278|0x00000000b1600000, 0x00000000b1700000, 0x00000000b1700000|100%| E|CS|TAMS 0x00000000b1600000, 0x00000000b1600000| Complete 
| 279|0x00000000b1700000, 0x00000000b1800000, 0x00000000b1800000|100%| E|CS|TAMS 0x00000000b1700000, 0x00000000b1700000| Complete 
| 280|0x00000000b1800000, 0x00000000b1900000, 0x00000000b1900000|100%| E|CS|TAMS 0x00000000b1800000, 0x00000000b1800000| Complete 
| 281|0x00000000b1900000, 0x00000000b1a00000, 0x00000000b1a00000|100%| E|CS|TAMS 0x00000000b1900000, 0x00000000b1900000| Complete 

Card table byte_map: [0x000001c2bb720000,0x000001c2bba20000] _byte_map_base: 0x000001c2bb220000

Marking Bits (Prev, Next): (CMBitMap*) 0x000001c2a8956b08, (CMBitMap*) 0x000001c2a8956b40
 Prev Bits: [0x000001c2bbd20000, 0x000001c2bd520000)
 Next Bits: [0x000001c2bd520000, 0x000001c2bed20000)

Polling page: 0x000001c2a6890000

Metaspace:

Usage:
  Non-class:    102.88 MB capacity,   100.38 MB ( 98%) used,     2.13 MB (  2%) free+waste,   374.75 KB ( <1%) overhead. 
      Class:     15.95 MB capacity,    14.50 MB ( 91%) used,     1.28 MB (  8%) free+waste,   169.94 KB (  1%) overhead. 
       Both:    118.83 MB capacity,   114.88 MB ( 97%) used,     3.41 MB (  3%) free+waste,   544.69 KB ( <1%) overhead. 

Virtual space:
  Non-class space:      104.00 MB reserved,     103.00 MB (>99%) committed 
      Class space:        1.00 GB reserved,      16.00 MB (  2%) committed 
             Both:        1.10 GB reserved,     119.00 MB ( 11%) committed 

Chunk freelists:
   Non-Class:  1.00 KB
       Class:  0 bytes
        Both:  1.00 KB

MaxMetaspaceSize: 17179869184.00 GB
CompressedClassSpaceSize: 1.00 GB

CodeHeap 'non-profiled nmethods': size=120064Kb used=11522Kb max_used=11653Kb free=108541Kb
 bounds [0x000001c2b3ee0000, 0x000001c2b4a50000, 0x000001c2bb420000]
CodeHeap 'profiled nmethods': size=120000Kb used=38747Kb max_used=38785Kb free=81252Kb
 bounds [0x000001c2ac9b0000, 0x000001c2aefa0000, 0x000001c2b3ee0000]
CodeHeap 'non-nmethods': size=5696Kb used=2345Kb max_used=2403Kb free=3350Kb
 bounds [0x000001c2ac420000, 0x000001c2ac690000, 0x000001c2ac9b0000]
 total_blobs=18541 nmethods=17580 adapters=871
 compilation: enabled
              stopped_count=0, restarted_count=0
 full_count=0

Compilation events (20 events):
Event: 1553.813 Thread 0x000001c2c1225800 18745       2       org.gradle.api.internal.artifacts.configurations.DefaultConfiguration$ConfigurationArtifactCollection$$Lambda$363/0x0000000100557c40::get (16 bytes)
Event: 1553.813 Thread 0x000001c2c1225800 nmethod 18745 0x000001c2ad316790 code [0x000001c2ad316940, 0x000001c2ad316a68]
Event: 1553.813 Thread 0x000001c2c1225800 18746       2       org.gradle.api.internal.artifacts.configurations.DefaultConfiguration$ArtifactSetResult::<init> (15 bytes)
Event: 1553.813 Thread 0x000001c2c1225800 nmethod 18746 0x000001c2ad318590 code [0x000001c2ad318740, 0x000001c2ad3188d8]
Event: 1553.815 Thread 0x000001c2c1225800 18747       1       org.gradle.api.internal.tasks.properties.bean.RuntimeBeanNode::getBean (5 bytes)
Event: 1553.815 Thread 0x000001c2c1225800 nmethod 18747 0x000001c2b40a0110 code [0x000001c2b40a02c0, 0x000001c2b40a0378]
Event: 1553.819 Thread 0x000001c2c1225800 18748       2       org.gradle.api.internal.DefaultNamedDomainObjectCollection::<init> (68 bytes)
Event: 1553.820 Thread 0x000001c2c1225800 nmethod 18748 0x000001c2ad384f10 code [0x000001c2ad385100, 0x000001c2ad385788]
Event: 1553.821 Thread 0x000001c2c1225800 18749       1       org.gradle.internal.component.local.model.DefaultLocalComponentMetadata$DefaultLocalConfigurationMetadata::isTransitive (5 bytes)
Event: 1553.821 Thread 0x000001c2c1225800 nmethod 18749 0x000001c2b409fd10 code [0x000001c2b409fec0, 0x000001c2b409ff78]
Event: 1553.822 Thread 0x000001c2c1225800 18750       3       java.util.ArrayDeque::grow (165 bytes)
Event: 1553.823 Thread 0x000001c2c1225800 nmethod 18750 0x000001c2ad544b90 code [0x000001c2ad544dc0, 0x000001c2ad545528]
Event: 1553.826 Thread 0x000001c2c1225800 18751  s    2       org.gradle.api.internal.artifacts.configurations.DefaultConfiguration::initExcludeRules (68 bytes)
Event: 1553.826 Thread 0x000001c2c1225800 nmethod 18751 0x000001c2ad3e7210 code [0x000001c2ad3e7460, 0x000001c2ad3e7a58]
Event: 1553.830 Thread 0x000001c2c1225800 18752       2       org.gradle.api.internal.file.AbstractFileTree::<init> (6 bytes)
Event: 1553.830 Thread 0x000001c2c1225800 nmethod 18752 0x000001c2ad2f4390 code [0x000001c2ad2f4540, 0x000001c2ad2f4678]
Event: 1553.832 Thread 0x000001c2c1225800 18753       2       org.gradle.api.internal.artifacts.configurations.DefaultConfiguration$ConfigurationArtifactCollection::getArtifacts (18 bytes)
Event: 1553.832 Thread 0x000001c2c1225800 nmethod 18753 0x000001c2ad321090 code [0x000001c2ad321260, 0x000001c2ad321428]
Event: 1553.835 Thread 0x000001c2c1225800 18754       2       org.gradle.api.internal.provider.ValueSupplier$Missing::pushWhenMissing (48 bytes)
Event: 1553.835 Thread 0x000001c2c1225800 nmethod 18754 0x000001c2ad544290 code [0x000001c2ad5444a0, 0x000001c2ad5449a8]

GC Heap History (20 events):
Event: 1552.396 GC heap before
{Heap before GC invocations=98 (full 0):
 garbage-first heap   total 189440K, used 165539K [0x00000000a0000000, 0x0000000100000000)
  region size 1024K, 12 young (12288K), 1 survivors (1024K)
 Metaspace       used 115362K, capacity 119245K, committed 119424K, reserved 1153024K
  class space    used 14571K, capacity 15944K, committed 16000K, reserved 1048576K
}
Event: 1552.397 GC heap after
{Heap after GC invocations=99 (full 0):
 garbage-first heap   total 189440K, used 154151K [0x00000000a0000000, 0x0000000100000000)
  region size 1024K, 1 young (1024K), 1 survivors (1024K)
 Metaspace       used 115362K, capacity 119245K, committed 119424K, reserved 1153024K
  class space    used 14571K, capacity 15944K, committed 16000K, reserved 1048576K
}
Event: 1552.556 GC heap before
{Heap before GC invocations=99 (full 0):
 garbage-first heap   total 189440K, used 165415K [0x00000000a0000000, 0x0000000100000000)
  region size 1024K, 13 young (13312K), 1 survivors (1024K)
 Metaspace       used 115889K, capacity 119829K, committed 120064K, reserved 1153024K
  class space    used 14645K, capacity 16065K, committed 16128K, reserved 1048576K
}
Event: 1552.563 GC heap after
{Heap after GC invocations=100 (full 0):
 garbage-first heap   total 189440K, used 156432K [0x00000000a0000000, 0x0000000100000000)
  region size 1024K, 2 young (2048K), 2 survivors (2048K)
 Metaspace       used 115889K, capacity 119829K, committed 120064K, reserved 1153024K
  class space    used 14645K, capacity 16065K, committed 16128K, reserved 1048576K
}
Event: 1552.620 GC heap before
{Heap before GC invocations=100 (full 0):
 garbage-first heap   total 189440K, used 166672K [0x00000000a0000000, 0x0000000100000000)
  region size 1024K, 12 young (12288K), 2 survivors (2048K)
 Metaspace       used 116001K, capacity 119957K, committed 120064K, reserved 1153024K
  class space    used 14655K, capacity 16065K, committed 16128K, reserved 1048576K
}
Event: 1552.623 GC heap after
{Heap after GC invocations=101 (full 0):
 garbage-first heap   total 189440K, used 157717K [0x00000000a0000000, 0x0000000100000000)
  region size 1024K, 2 young (2048K), 2 survivors (2048K)
 Metaspace       used 116001K, capacity 119957K, committed 120064K, reserved 1153024K
  class space    used 14655K, capacity 16065K, committed 16128K, reserved 1048576K
}
Event: 1552.718 GC heap before
{Heap before GC invocations=101 (full 0):
 garbage-first heap   total 189440K, used 165909K [0x00000000a0000000, 0x0000000100000000)
  region size 1024K, 10 young (10240K), 2 survivors (2048K)
 Metaspace       used 117092K, capacity 121048K, committed 121216K, reserved 1155072K
  class space    used 14796K, capacity 16194K, committed 16256K, reserved 1048576K
}
Event: 1552.720 GC heap after
{Heap after GC invocations=102 (full 0):
 garbage-first heap   total 189440K, used 158464K [0x00000000a0000000, 0x0000000100000000)
  region size 1024K, 1 young (1024K), 1 survivors (1024K)
 Metaspace       used 117092K, capacity 121048K, committed 121216K, reserved 1155072K
  class space    used 14796K, capacity 16194K, committed 16256K, reserved 1048576K
}
Event: 1552.786 GC heap before
{Heap before GC invocations=102 (full 0):
 garbage-first heap   total 189440K, used 166656K [0x00000000a0000000, 0x0000000100000000)
  region size 1024K, 9 young (9216K), 1 survivors (1024K)
 Metaspace       used 117297K, capacity 121243K, committed 121472K, reserved 1155072K
  class space    used 14818K, capacity 16251K, committed 16256K, reserved 1048576K
}
Event: 1552.788 GC heap after
{Heap after GC invocations=103 (full 0):
 garbage-first heap   total 189440K, used 158853K [0x00000000a0000000, 0x0000000100000000)
  region size 1024K, 2 young (2048K), 2 survivors (2048K)
 Metaspace       used 117297K, capacity 121243K, committed 121472K, reserved 1155072K
  class space    used 14818K, capacity 16251K, committed 16256K, reserved 1048576K
}
Event: 1552.862 GC heap before
{Heap before GC invocations=103 (full 0):
 garbage-first heap   total 189440K, used 166021K [0x00000000a0000000, 0x0000000100000000)
  region size 1024K, 9 young (9216K), 2 survivors (2048K)
 Metaspace       used 117400K, capacity 121411K, committed 121600K, reserved 1155072K
  class space    used 14829K, capacity 16300K, committed 16384K, reserved 1048576K
}
Event: 1552.866 GC heap after
{Heap after GC invocations=104 (full 0):
 garbage-first heap   total 227328K, used 160608K [0x00000000a0000000, 0x0000000100000000)
  region size 1024K, 2 young (2048K), 2 survivors (2048K)
 Metaspace       used 117400K, capacity 121411K, committed 121600K, reserved 1155072K
  class space    used 14829K, capacity 16300K, committed 16384K, reserved 1048576K
}
Event: 1553.116 GC heap before
{Heap before GC invocations=104 (full 0):
 garbage-first heap   total 227328K, used 184160K [0x00000000a0000000, 0x0000000100000000)
  region size 1024K, 26 young (26624K), 2 survivors (2048K)
 Metaspace       used 117438K, capacity 121420K, committed 121600K, reserved 1155072K
  class space    used 14829K, capacity 16301K, committed 16384K, reserved 1048576K
}
Event: 1553.122 GC heap after
{Heap after GC invocations=105 (full 0):
 garbage-first heap   total 227328K, used 162689K [0x00000000a0000000, 0x0000000100000000)
  region size 1024K, 4 young (4096K), 4 survivors (4096K)
 Metaspace       used 117438K, capacity 121420K, committed 121600K, reserved 1155072K
  class space    used 14829K, capacity 16301K, committed 16384K, reserved 1048576K
}
Event: 1553.291 GC heap before
{Heap before GC invocations=105 (full 0):
 garbage-first heap   total 227328K, used 187265K [0x00000000a0000000, 0x0000000100000000)
  region size 1024K, 28 young (28672K), 4 survivors (4096K)
 Metaspace       used 117484K, capacity 121485K, committed 121600K, reserved 1155072K
  class space    used 14829K, capacity 16301K, committed 16384K, reserved 1048576K
}
Event: 1553.296 GC heap after
{Heap after GC invocations=106 (full 0):
 garbage-first heap   total 227328K, used 164749K [0x00000000a0000000, 0x0000000100000000)
  region size 1024K, 3 young (3072K), 3 survivors (3072K)
 Metaspace       used 117484K, capacity 121485K, committed 121600K, reserved 1155072K
  class space    used 14829K, capacity 16301K, committed 16384K, reserved 1048576K
}
Event: 1553.539 GC heap before
{Heap before GC invocations=106 (full 0):
 garbage-first heap   total 227328K, used 189325K [0x00000000a0000000, 0x0000000100000000)
  region size 1024K, 27 young (27648K), 3 survivors (3072K)
 Metaspace       used 117527K, capacity 121520K, committed 121600K, reserved 1155072K
  class space    used 14833K, capacity 16306K, committed 16384K, reserved 1048576K
}
Event: 1553.543 GC heap after
{Heap after GC invocations=107 (full 0):
 garbage-first heap   total 227328K, used 167475K [0x00000000a0000000, 0x0000000100000000)
  region size 1024K, 4 young (4096K), 4 survivors (4096K)
 Metaspace       used 117527K, capacity 121520K, committed 121600K, reserved 1155072K
  class space    used 14833K, capacity 16306K, committed 16384K, reserved 1048576K
}
Event: 1553.680 GC heap before
{Heap before GC invocations=107 (full 0):
 garbage-first heap   total 227328K, used 191027K [0x00000000a0000000, 0x0000000100000000)
  region size 1024K, 27 young (27648K), 4 survivors (4096K)
 Metaspace       used 117544K, capacity 121526K, committed 121856K, reserved 1155072K
  class space    used 14834K, capacity 16307K, committed 16384K, reserved 1048576K
}
Event: 1553.686 GC heap after
{Heap after GC invocations=108 (full 0):
 garbage-first heap   total 288768K, used 169155K [0x00000000a0000000, 0x0000000100000000)
  region size 1024K, 3 young (3072K), 3 survivors (3072K)
 Metaspace       used 117544K, capacity 121526K, committed 121856K, reserved 1155072K
  class space    used 14834K, capacity 16307K, committed 16384K, reserved 1048576K
}

Deoptimization events (20 events):
Event: 1553.297 Thread 0x000001c2c5290000 DEOPT PACKING pc=0x000001c2b3f6a7d4 sp=0x000000af06ffa400
Event: 1553.297 Thread 0x000001c2c5290000 DEOPT UNPACKING pc=0x000001c2ac44662f sp=0x000000af06ffa388 mode 2
Event: 1553.670 Thread 0x000001c2c5290000 DEOPT PACKING pc=0x000001c2ae04ad84 sp=0x000000af06ff9140
Event: 1553.670 Thread 0x000001c2c5290000 DEOPT UNPACKING pc=0x000001c2ac446dde sp=0x000000af06ff86a8 mode 0
Event: 1553.745 Thread 0x000001c2c5290000 Uncommon trap: trap_request=0xffffffbe fr.pc=0x000001c2b4a46c18 relative=0x0000000000004f38
Event: 1553.745 Thread 0x000001c2c5290000 Uncommon trap: reason=profile_predicate action=maybe_recompile pc=0x000001c2b4a46c18 method=org.gradle.tooling.internal.adapter.ProtocolToModelAdapter.convertCollectionInternal(Ljava/util/Collection;Ljava/lang/reflect/Type;Ljava/lang/Iterable;Lorg/gradle/
Event: 1553.745 Thread 0x000001c2c5290000 DEOPT PACKING pc=0x000001c2b4a46c18 sp=0x000000af06ffb200
Event: 1553.745 Thread 0x000001c2c5290000 DEOPT UNPACKING pc=0x000001c2ac44662f sp=0x000000af06ffb168 mode 2
Event: 1553.745 Thread 0x000001c2c5290000 Uncommon trap: trap_request=0xffffffbe fr.pc=0x000001c2b4a46c18 relative=0x0000000000004f38
Event: 1553.745 Thread 0x000001c2c5290000 Uncommon trap: reason=profile_predicate action=maybe_recompile pc=0x000001c2b4a46c18 method=org.gradle.tooling.internal.adapter.ProtocolToModelAdapter.convertCollectionInternal(Ljava/util/Collection;Ljava/lang/reflect/Type;Ljava/lang/Iterable;Lorg/gradle/
Event: 1553.745 Thread 0x000001c2c5290000 DEOPT PACKING pc=0x000001c2b4a46c18 sp=0x000000af06ffb230
Event: 1553.745 Thread 0x000001c2c5290000 DEOPT UNPACKING pc=0x000001c2ac44662f sp=0x000000af06ffb198 mode 2
Event: 1553.745 Thread 0x000001c2c5290000 Uncommon trap: trap_request=0xffffffbe fr.pc=0x000001c2b4a46c18 relative=0x0000000000004f38
Event: 1553.745 Thread 0x000001c2c5290000 Uncommon trap: reason=profile_predicate action=maybe_recompile pc=0x000001c2b4a46c18 method=org.gradle.tooling.internal.adapter.ProtocolToModelAdapter.convertCollectionInternal(Ljava/util/Collection;Ljava/lang/reflect/Type;Ljava/lang/Iterable;Lorg/gradle/
Event: 1553.745 Thread 0x000001c2c5290000 DEOPT PACKING pc=0x000001c2b4a46c18 sp=0x000000af06ffb580
Event: 1553.745 Thread 0x000001c2c5290000 DEOPT UNPACKING pc=0x000001c2ac44662f sp=0x000000af06ffb4e8 mode 2
Event: 1553.746 Thread 0x000001c2c5290000 Uncommon trap: trap_request=0xffffffbe fr.pc=0x000001c2b4a46c18 relative=0x0000000000004f38
Event: 1553.746 Thread 0x000001c2c5290000 Uncommon trap: reason=profile_predicate action=maybe_recompile pc=0x000001c2b4a46c18 method=org.gradle.tooling.internal.adapter.ProtocolToModelAdapter.convertCollectionInternal(Ljava/util/Collection;Ljava/lang/reflect/Type;Ljava/lang/Iterable;Lorg/gradle/
Event: 1553.746 Thread 0x000001c2c5290000 DEOPT PACKING pc=0x000001c2b4a46c18 sp=0x000000af06ffb380
Event: 1553.746 Thread 0x000001c2c5290000 DEOPT UNPACKING pc=0x000001c2ac44662f sp=0x000000af06ffb2e8 mode 2

Classes redefined (0 events):
No events

Internal exceptions (20 events):
Event: 1552.582 Thread 0x000001c2c5290000 Exception <a 'java/lang/ClassNotFoundException'{0x00000000ab72cfb0}: org/jetbrains/plugins/gradle/tooling/util/SourceSetCachedFinder$2Customizer> (0x00000000ab72cfb0) thrown at [./src/hotspot/share/classfile/systemDictionary.cpp, line 231]
Event: 1552.583 Thread 0x000001c2c5290000 Exception <a 'java/lang/ClassNotFoundException'{0x00000000ab7613d0}: org/jetbrains/plugins/gradle/tooling/util/SourceSetCachedFinderBeanInfo> (0x00000000ab7613d0) thrown at [./src/hotspot/share/classfile/systemDictionary.cpp, line 231]
Event: 1552.583 Thread 0x000001c2c5290000 Exception <a 'java/lang/ClassNotFoundException'{0x00000000ab7713a8}: org/jetbrains/plugins/gradle/tooling/util/SourceSetCachedFinderCustomizer> (0x00000000ab7713a8) thrown at [./src/hotspot/share/classfile/systemDictionary.cpp, line 231]
Event: 1552.589 Thread 0x000001c2c5290000 Exception <a 'java/lang/ClassNotFoundException'{0x00000000ab7f2a70}: org/jetbrains/plugins/gradle/tooling/util/SourceSetCachedFinder$ArtifactsMapBeanInfo> (0x00000000ab7f2a70) thrown at [./src/hotspot/share/classfile/systemDictionary.cpp, line 231]
Event: 1552.589 Thread 0x000001c2c5290000 Exception <a 'java/lang/ClassNotFoundException'{0x00000000ab604660}: org/jetbrains/plugins/gradle/tooling/util/SourceSetCachedFinder$ArtifactsMapCustomizer> (0x00000000ab604660) thrown at [./src/hotspot/share/classfile/systemDictionary.cpp, line 231]
Event: 1552.723 Thread 0x000001c2c5290000 Exception <a 'java/lang/NoSuchMethodError'{0x00000000ab841ad8}: <clinit>> (0x00000000ab841ad8) thrown at [./src/hotspot/share/prims/jni.cpp, line 1362]
Event: 1552.723 Thread 0x000001c2c5290000 Exception <a 'java/lang/NoSuchMethodError'{0x00000000ab851fa8}: <clinit>> (0x00000000ab851fa8) thrown at [./src/hotspot/share/prims/jni.cpp, line 1362]
Event: 1552.724 Thread 0x000001c2c5290000 Exception <a 'java/lang/NoSuchMethodError'{0x00000000ab85fd00}: <clinit>> (0x00000000ab85fd00) thrown at [./src/hotspot/share/prims/jni.cpp, line 1362]
Event: 1552.725 Thread 0x000001c2c5290000 Exception <a 'java/lang/NoSuchMethodError'{0x00000000ab8a1348}: <clinit>> (0x00000000ab8a1348) thrown at [./src/hotspot/share/prims/jni.cpp, line 1362]
Event: 1552.725 Thread 0x000001c2c5290000 Exception <a 'java/lang/NoSuchMethodError'{0x00000000ab8ae4a0}: <clinit>> (0x00000000ab8ae4a0) thrown at [./src/hotspot/share/prims/jni.cpp, line 1362]
Event: 1552.731 Thread 0x000001c2c5290000 Exception <a 'java/lang/ClassNotFoundException'{0x00000000ab536fb8}: org/jetbrains/plugins/gradle/tooling/util/JavaPluginUtilBeanInfo> (0x00000000ab536fb8) thrown at [./src/hotspot/share/classfile/systemDictionary.cpp, line 231]
Event: 1552.732 Thread 0x000001c2c5290000 Exception <a 'java/lang/ClassNotFoundException'{0x00000000ab546940}: org/jetbrains/plugins/gradle/tooling/util/JavaPluginUtilCustomizer> (0x00000000ab546940) thrown at [./src/hotspot/share/classfile/systemDictionary.cpp, line 231]
Event: 1552.762 Thread 0x000001c2c5290000 Exception <a 'sun/nio/fs/WindowsException'{0x00000000ab3b3928}> (0x00000000ab3b3928) thrown at [./src/hotspot/share/prims/jni.cpp, line 615]
Event: 1552.770 Thread 0x000001c2c5290000 Exception <a 'sun/nio/fs/WindowsException'{0x00000000ab24fcf8}> (0x00000000ab24fcf8) thrown at [./src/hotspot/share/prims/jni.cpp, line 615]
Event: 1552.771 Thread 0x000001c2c5290000 Exception <a 'sun/nio/fs/WindowsException'{0x00000000ab251068}> (0x00000000ab251068) thrown at [./src/hotspot/share/prims/jni.cpp, line 615]
Event: 1552.771 Thread 0x000001c2c5290000 Exception <a 'sun/nio/fs/WindowsException'{0x00000000ab252428}> (0x00000000ab252428) thrown at [./src/hotspot/share/prims/jni.cpp, line 615]
Event: 1552.771 Thread 0x000001c2c5290000 Exception <a 'sun/nio/fs/WindowsException'{0x00000000ab2537e8}> (0x00000000ab2537e8) thrown at [./src/hotspot/share/prims/jni.cpp, line 615]
Event: 1552.797 Thread 0x000001c2c5290000 Exception <a 'java/lang/reflect/InvocationTargetException'{0x00000000ab73d090}> (0x00000000ab73d090) thrown at [./src/hotspot/share/runtime/reflection.cpp, line 1247]
Event: 1553.415 Thread 0x000001c2c5290000 Exception <a 'java/lang/reflect/InvocationTargetException'{0x00000000acd5b078}> (0x00000000acd5b078) thrown at [./src/hotspot/share/runtime/reflection.cpp, line 1247]
Event: 1553.778 Thread 0x000001c2c5290000 Exception <a 'java/lang/reflect/InvocationTargetException'{0x00000000b061a9e0}> (0x00000000b061a9e0) thrown at [./src/hotspot/share/runtime/reflection.cpp, line 1247]

Events (20 events):
Event: 1552.731 loading class org/jetbrains/plugins/gradle/tooling/util/JavaPluginUtilCustomizer
Event: 1552.731 loading class org/jetbrains/plugins/gradle/tooling/util/JavaPluginUtilCustomizer done
Event: 1552.732 loading class org/jetbrains/plugins/gradle/tooling/util/JavaPluginUtilCustomizer
Event: 1552.732 loading class org/jetbrains/plugins/gradle/tooling/util/JavaPluginUtilCustomizer done
Event: 1552.735 loading class groovy/runtime/metaclass/org/jetbrains/plugins/gradle/tooling/builder/ExternalProjectBuilderImpl$_addArtifactsData_closure1MetaClass
Event: 1552.735 loading class groovy/runtime/metaclass/org/jetbrains/plugins/gradle/tooling/builder/ExternalProjectBuilderImpl$_addArtifactsData_closure1MetaClass done
Event: 1552.739 loading class groovy/runtime/metaclass/org/jetbrains/plugins/gradle/tooling/builder/ExternalProjectBuilderImpl$_getSourceSets_closure2MetaClass
Event: 1552.739 loading class groovy/runtime/metaclass/org/jetbrains/plugins/gradle/tooling/builder/ExternalProjectBuilderImpl$_getSourceSets_closure2MetaClass done
Event: 1552.786 Executing VM operation: G1CollectForAllocation
Event: 1552.788 Executing VM operation: G1CollectForAllocation done
Event: 1552.862 Executing VM operation: G1CollectForAllocation
Event: 1552.866 Executing VM operation: G1CollectForAllocation done
Event: 1553.116 Executing VM operation: G1CollectForAllocation
Event: 1553.122 Executing VM operation: G1CollectForAllocation done
Event: 1553.291 Executing VM operation: G1CollectForAllocation
Event: 1553.296 Executing VM operation: G1CollectForAllocation done
Event: 1553.539 Executing VM operation: G1CollectForAllocation
Event: 1553.543 Executing VM operation: G1CollectForAllocation done
Event: 1553.680 Executing VM operation: G1CollectForAllocation
Event: 1553.686 Executing VM operation: G1CollectForAllocation done


Dynamic libraries:
0x00007ff708d20000 - 0x00007ff708d2a000 	C:\Program Files\Android\Android Studio\jre\bin\java.exe
0x00007ffd9a6a0000 - 0x00007ffd9a8a9000 	C:\Windows\SYSTEM32\ntdll.dll
0x00007ffd99430000 - 0x00007ffd994ed000 	C:\Windows\System32\KERNEL32.DLL
0x00007ffd97e10000 - 0x00007ffd98189000 	C:\Windows\System32\KERNELBASE.dll
0x00007ffd98380000 - 0x00007ffd98491000 	C:\Windows\System32\ucrtbase.dll
0x00007ffd7d240000 - 0x00007ffd7d257000 	C:\Program Files\Android\Android Studio\jre\bin\VCRUNTIME140.dll
0x00007ffd790c0000 - 0x00007ffd790d9000 	C:\Program Files\Android\Android Studio\jre\bin\jli.dll
0x00007ffd98c00000 - 0x00007ffd98dac000 	C:\Windows\System32\USER32.dll
0x00007ffd98510000 - 0x00007ffd98536000 	C:\Windows\System32\win32u.dll
0x00007ffd98540000 - 0x00007ffd98569000 	C:\Windows\System32\GDI32.dll
0x00007ffd915d0000 - 0x00007ffd91875000 	C:\Windows\WinSxS\amd64_microsoft.windows.common-controls_6595b64144ccf1df_6.0.22000.120_none_9d947278b86cc467\COMCTL32.dll
0x00007ffd97cf0000 - 0x00007ffd97e02000 	C:\Windows\System32\gdi32full.dll
0x00007ffd97b90000 - 0x00007ffd97c2d000 	C:\Windows\System32\msvcp_win.dll
0x00007ffd995e0000 - 0x00007ffd99683000 	C:\Windows\System32\msvcrt.dll
0x00007ffd99230000 - 0x00007ffd99261000 	C:\Windows\System32\IMM32.DLL
0x00007ffd691f0000 - 0x00007ffd6928d000 	C:\Program Files\Android\Android Studio\jre\bin\msvcp140.dll
0x00007ffd3ba40000 - 0x00007ffd3c515000 	C:\Program Files\Android\Android Studio\jre\bin\server\jvm.dll
0x00007ffd98e30000 - 0x00007ffd98ede000 	C:\Windows\System32\ADVAPI32.dll
0x00007ffd98ee0000 - 0x00007ffd98f7e000 	C:\Windows\System32\sechost.dll
0x00007ffd99310000 - 0x00007ffd99430000 	C:\Windows\System32\RPCRT4.dll
0x00007ffd99300000 - 0x00007ffd99308000 	C:\Windows\System32\PSAPI.DLL
0x00007ffd93e90000 - 0x00007ffd93e99000 	C:\Windows\SYSTEM32\WSOCK32.dll
0x00007ffd94110000 - 0x00007ffd94143000 	C:\Windows\SYSTEM32\WINMM.dll
0x00007ffd98ab0000 - 0x00007ffd98b1f000 	C:\Windows\System32\WS2_32.dll
0x00007ffd919a0000 - 0x00007ffd919aa000 	C:\Windows\SYSTEM32\VERSION.dll
0x00007ffd96c50000 - 0x00007ffd96c68000 	C:\Windows\SYSTEM32\kernel.appcore.dll
0x00007ffd86f20000 - 0x00007ffd86f31000 	C:\Program Files\Android\Android Studio\jre\bin\verify.dll
0x00007ffd88740000 - 0x00007ffd88961000 	C:\Windows\SYSTEM32\DBGHELP.DLL
0x00007ffd882c0000 - 0x00007ffd882f1000 	C:\Windows\SYSTEM32\dbgcore.DLL
0x00007ffd98190000 - 0x00007ffd9820f000 	C:\Windows\System32\bcryptPrimitives.dll
0x00007ffd80b60000 - 0x00007ffd80b89000 	C:\Program Files\Android\Android Studio\jre\bin\java.dll
0x00007ffd90810000 - 0x00007ffd9081b000 	C:\Program Files\Android\Android Studio\jre\bin\jimage.dll
0x00007ffd86b40000 - 0x00007ffd86b58000 	C:\Program Files\Android\Android Studio\jre\bin\zip.dll
0x00007ffd99b00000 - 0x00007ffd9a2af000 	C:\Windows\System32\SHELL32.dll
0x00007ffd95cc0000 - 0x00007ffd96528000 	C:\Windows\SYSTEM32\windows.storage.dll
0x00007ffd98570000 - 0x00007ffd988e8000 	C:\Windows\System32\combase.dll
0x00007ffd95b50000 - 0x00007ffd95cb6000 	C:\Windows\SYSTEM32\wintypes.dll
0x00007ffd98fa0000 - 0x00007ffd9908a000 	C:\Windows\System32\SHCORE.dll
0x00007ffd9a330000 - 0x00007ffd9a38d000 	C:\Windows\System32\shlwapi.dll
0x00007ffd97ac0000 - 0x00007ffd97ae1000 	C:\Windows\SYSTEM32\profapi.dll
0x00007ffd80460000 - 0x00007ffd8047a000 	C:\Program Files\Android\Android Studio\jre\bin\net.dll
0x00007ffd932e0000 - 0x00007ffd933ec000 	C:\Windows\SYSTEM32\WINHTTP.dll
0x00007ffd97070000 - 0x00007ffd970d7000 	C:\Windows\system32\mswsock.dll
0x00007ffd80300000 - 0x00007ffd80314000 	C:\Program Files\Android\Android Studio\jre\bin\nio.dll
0x00007ffd75d80000 - 0x00007ffd75da7000 	C:\Users\parishani\.gradle\native\8bec1ad78214c89d9ad589b4d07fe93259594b29d510b10fafb7a158f7737e5d\windows-amd64\native-platform.dll
0x00007ffd69290000 - 0x00007ffd693cd000 	C:\Users\parishani\.gradle\native\53dbd7edfb1c66fb8903c78663c9afc45aea4f116125fa6feffd364cf09443e8\windows-amd64\native-platform-file-events.dll
0x00007ffd906e0000 - 0x00007ffd906ea000 	C:\Program Files\Android\Android Studio\jre\bin\management.dll
0x00007ffd8aa10000 - 0x00007ffd8aa1d000 	C:\Program Files\Android\Android Studio\jre\bin\management_ext.dll
0x00007ffd97380000 - 0x00007ffd97398000 	C:\Windows\SYSTEM32\CRYPTSP.dll
0x00007ffd96bb0000 - 0x00007ffd96be5000 	C:\Windows\system32\rsaenh.dll
0x00007ffd97110000 - 0x00007ffd97139000 	C:\Windows\SYSTEM32\USERENV.dll
0x00007ffd97430000 - 0x00007ffd97457000 	C:\Windows\SYSTEM32\bcrypt.dll
0x00007ffd97260000 - 0x00007ffd9726c000 	C:\Windows\SYSTEM32\CRYPTBASE.dll
0x00007ffd96780000 - 0x00007ffd967ad000 	C:\Windows\SYSTEM32\IPHLPAPI.DLL
0x00007ffd98e20000 - 0x00007ffd98e29000 	C:\Windows\System32\NSI.dll
0x00007ffd93410000 - 0x00007ffd93429000 	C:\Windows\SYSTEM32\dhcpcsvc6.DLL
0x00007ffd93990000 - 0x00007ffd939ae000 	C:\Windows\SYSTEM32\dhcpcsvc.DLL
0x00007ffd967b0000 - 0x00007ffd96898000 	C:\Windows\SYSTEM32\DNSAPI.dll
0x00007ffd76050000 - 0x00007ffd76077000 	C:\Program Files\Android\Android Studio\jre\bin\sunec.dll
0x00007ffd91d50000 - 0x00007ffd91d5a000 	C:\Windows\System32\rasadhlp.dll
0x00007ffd93810000 - 0x00007ffd93891000 	C:\Windows\System32\fwpuclnt.dll
0x00007ffd953e0000 - 0x00007ffd95414000 	C:\Windows\SYSTEM32\ntmarta.dll

dbghelp: loaded successfully - version: 4.0.5 - missing functions: none
symbol engine: initialized successfully - sym options: 0x614 - pdb path: .;C:\Program Files\Android\Android Studio\jre\bin;C:\Windows\SYSTEM32;C:\Windows\WinSxS\amd64_microsoft.windows.common-controls_6595b64144ccf1df_6.0.22000.120_none_9d947278b86cc467;C:\Program Files\Android\Android Studio\jre\bin\server;C:\Users\parishani\.gradle\native\8bec1ad78214c89d9ad589b4d07fe93259594b29d510b10fafb7a158f7737e5d\windows-amd64;C:\Users\parishani\.gradle\native\53dbd7edfb1c66fb8903c78663c9afc45aea4f116125fa6feffd364cf09443e8\windows-amd64

VM Arguments:
jvm_args: --add-opens=java.base/java.util=ALL-UNNAMED --add-opens=java.base/java.lang=ALL-UNNAMED --add-opens=java.base/java.lang.invoke=ALL-UNNAMED --add-opens=java.base/java.util=ALL-UNNAMED --add-opens=java.prefs/java.util.prefs=ALL-UNNAMED --add-opens=java.prefs/java.util.prefs=ALL-UNNAMED --add-opens=java.base/java.nio.charset=ALL-UNNAMED --add-opens=java.base/java.net=ALL-UNNAMED --add-opens=java.base/java.util.concurrent.atomic=ALL-UNNAMED -Xmx1536m -Dfile.encoding=windows-1256 -Duser.country=US -Duser.language=en -Duser.variant 
java_command: org.gradle.launcher.daemon.bootstrap.GradleDaemon 7.0.2
java_class_path (initial): C:\Users\parishani\.gradle\wrapper\dists\gradle-7.0.2-all\7era6s5ay7zsbhuvl0oc9g94s\gradle-7.0.2\lib\gradle-launcher-7.0.2.jar
Launcher Type: SUN_STANDARD

[Global flags]
     intx CICompilerCount                          = 3                                         {product} {ergonomic}
     uint ConcGCThreads                            = 1                                         {product} {ergonomic}
     uint G1ConcRefinementThreads                  = 4                                         {product} {ergonomic}
   size_t G1HeapRegionSize                         = 1048576                                   {product} {ergonomic}
    uintx GCDrainStackTargetSize                   = 64                                        {product} {ergonomic}
   size_t InitialHeapSize                          = 134217728                                 {product} {ergonomic}
   size_t MarkStackSize                            = 4194304                                   {product} {ergonomic}
   size_t MaxHeapSize                              = 1610612736                                {product} {command line}
   size_t MaxNewSize                               = 965738496                                 {product} {ergonomic}
   size_t MinHeapDeltaBytes                        = 1048576                                   {product} {ergonomic}
    uintx NonNMethodCodeHeapSize                   = 5830732                                {pd product} {ergonomic}
    uintx NonProfiledCodeHeapSize                  = 122913754                              {pd product} {ergonomic}
    uintx ProfiledCodeHeapSize                     = 122913754                              {pd product} {ergonomic}
    uintx ReservedCodeCacheSize                    = 251658240                              {pd product} {ergonomic}
     bool SegmentedCodeCache                       = true                                      {product} {ergonomic}
     bool UseCompressedClassPointers               = true                                 {lp64_product} {ergonomic}
     bool UseCompressedOops                        = true                                 {lp64_product} {ergonomic}
     bool UseG1GC                                  = true                                      {product} {ergonomic}
     bool UseLargePagesIndividualAllocation        = false                                  {pd product} {ergonomic}

Logging:
Log output configuration:
 #0: stdout all=warning uptime,level,tags
 #1: stderr all=off uptime,level,tags

Environment Variables:
PATH=C:\ProgramData\Oracle\Java\javapath;C:\Windows\system32;C:\Windows;C:\Windows\System32\Wbem;C:\Windows\System32\WindowsPowerShell\v1.0\;C:\Windows\System32\OpenSSH\;C:\Program Files\Git\cmd;D:\SDK\_flutter_windows_2.5.1-stable\flutter\bin;;C:\Program Files\Docker\Docker\resources\bin;C:\ProgramData\DockerDesktop\version-bin;C:\Program Files (x86)\AOMEI\AOMEI Backupper\6.9.2;C:\Users\parishani\AppData\Local\Microsoft\WindowsApps;C:\Users\parishani\AppData\Local\GitHubDesktop\bin;D:\SDK\_flutter_windows_2.5.1-stable\flutter\bin;;C:\Users\parishani\AppData\Local\Programs\Microsoft VS Code\bin
USERNAME=parishani
OS=Windows_NT
PROCESSOR_IDENTIFIER=Intel64 Family 6 Model 158 Stepping 11, GenuineIntel



---------------  S Y S T E M  ---------------

OS: Windows 10 , 64 bit Build 22000 (10.0.22000.675)
OS uptime: 33 days 0:20 hours
Hyper-V role detected

CPU:total 4 (initial active 4) (4 cores per cpu, 1 threads per core) family 6 model 158 stepping 11 microcode 0xde, cmov, cx8, fxsr, mmx, sse, sse2, sse3, ssse3, sse4.1, sse4.2, popcnt, avx, avx2, aes, clmul, erms, 3dnowpref, lzcnt, tsc, tscinvbit, bmi1, bmi2, adx, fma

Memory: 4k page, system-wide physical 8132M (307M free)
TotalPageFile size 20699M (AvailPageFile size 12M)
current process WorkingSet (physical memory assigned to process): 468M, peak: 542M
current process commit charge ("private bytes"): 613M, peak: 616M

vm_info: OpenJDK 64-Bit Server VM (11.0.11+9-b60-7590822) for windows-amd64 JRE (11.0.11+9-b60-7590822), built on Jul 29 2021 21:43:44 by "builder" with MS VC++ 14.0 (VS2015)

END.
